Using pre-set license
Built from '2020.3/staging' branch; Version is '2020.3.6f1 (338bb68529b2) revision 3378102'; Using compiler version '192528614'; Build Type 'Release'
OS: 'Windows 10 Pro N; OS build 19042.928; Version 2009; 64bit' Language: 'en' Physical Memory: 16315 MB
BatchMode: 1, IsHumanControllingUs: 0, StartBugReporterOnCrash: 0, Is64bit: 1, IsPro: 0

 COMMAND LINE ARGUMENTS:
D:\Unity\Unity Editor\2020.3.6f1\Editor\Unity.exe
-adb2
-batchMode
-noUpm
-name
AssetImportWorker0
-projectPath
D:/Unity_Games/TopDown
-logFile
Logs/AssetImportWorker0.log
-srvPort
56268
Successfully changed project path to: D:/Unity_Games/TopDown
D:/Unity_Games/TopDown
Using Asset Import Pipeline V2.
Refreshing native plugins compatible for Editor in 45.82 ms, found 0 plugins.
Preloading 0 native plugins for Editor in 0.00 ms.
Initialize engine version: 2020.3.6f1 (338bb68529b2)
[Subsystems] Discovering subsystems at path D:/Unity/Unity Editor/2020.3.6f1/Editor/Data/Resources/UnitySubsystems
[Subsystems] Discovering subsystems at path D:/Unity_Games/TopDown/Assets
GfxDevice: creating device client; threaded=0
Direct3D:
    Version:  Direct3D 11.0 [level 11.1]
    Renderer: NVIDIA GeForce GTX 1050 Ti (ID=0x1c82)
    Vendor:   
    VRAM:     4018 MB
    Driver:   27.21.14.5671
Shader 'Universal Render Pipeline/Particles/Lit': fallback shader 'Universal Render Pipeline/Particles/SimpleLit' not found
Initialize mono
Mono path[0] = 'D:/Unity/Unity Editor/2020.3.6f1/Editor/Data/Managed'
Mono path[1] = 'D:/Unity/Unity Editor/2020.3.6f1/Editor/Data/MonoBleedingEdge/lib/mono/unityjit'
Mono config path = 'D:/Unity/Unity Editor/2020.3.6f1/Editor/Data/MonoBleedingEdge/etc'
Using monoOptions --debugger-agent=transport=dt_socket,embedding=1,server=y,suspend=n,address=127.0.0.1:56820
Begin MonoManager ReloadAssembly
Registering precompiled unity dll's ...
Register platform support module: D:/Unity/Unity Editor/2020.3.6f1/Editor/Data/PlaybackEngines/WebGLSupport/UnityEditor.WebGL.Extensions.dll
Register platform support module: D:/Unity/Unity Editor/2020.3.6f1/Editor/Data/PlaybackEngines/WindowsStandaloneSupport/UnityEditor.WindowsStandalone.Extensions.dll
Registered in 0.002872 seconds.
Native extension for WindowsStandalone target not found
Native extension for WebGL target not found
Refreshing native plugins compatible for Editor in 47.15 ms, found 0 plugins.
Preloading 0 native plugins for Editor in 0.00 ms.
Mono: successfully reloaded assembly
- Completed reload, in  1.374 seconds
Platform modules already initialized, skipping
Registering precompiled user dll's ...
Registered in 0.001535 seconds.
Begin MonoManager ReloadAssembly
Native extension for WindowsStandalone target not found
Native extension for WebGL target not found
Refreshing native plugins compatible for Editor in 49.97 ms, found 0 plugins.
Preloading 0 native plugins for Editor in 0.00 ms.
Mono: successfully reloaded assembly
- Completed reload, in  0.971 seconds
Platform modules already initialized, skipping
========================================================================
Worker process is ready to serve import requests
Shader 'Universal Render Pipeline/Particles/Lit': fallback shader 'Universal Render Pipeline/Particles/SimpleLit' not found
Launched and connected shader compiler UnityShaderCompiler.exe after 0.03 seconds
Refreshing native plugins compatible for Editor in 0.56 ms, found 0 plugins.
Preloading 0 native plugins for Editor in 0.00 ms.
Unloading 2687 Unused Serialized files (Serialized files now loaded: 0)
System memory in use before: 124.1 MB.
System memory in use after: 123.9 MB.

Unloading 28 unused Assets to reduce memory usage. Loaded Objects now: 3126.
Total: 3.554800 ms (FindLiveObjects: 0.435200 ms CreateObjectMapping: 0.078100 ms MarkObjects: 2.698000 ms  DeleteObjects: 0.341700 ms)

========================================================================
Received Import Request.
  path: Assets/Scripts/Agent
  artifactKey: Guid(a9f1b89c7978ccd498c9b766d3810a23) Importer(815301076,1909f56bfc062723c751e8b465ee728b)
Start importing Assets/Scripts/Agent using Guid(a9f1b89c7978ccd498c9b766d3810a23) Importer(815301076,1909f56bfc062723c751e8b465ee728b)  -> (artifact id: 'd61dc681b7abeb7d1e221b10076aed75') in 0.009142 seconds
  Import took 0.013735 seconds .

========================================================================
Received Prepare
Registering precompiled user dll's ...
Registered in 0.001552 seconds.
Begin MonoManager ReloadAssembly
Native extension for WindowsStandalone target not found
Native extension for WebGL target not found
Refreshing native plugins compatible for Editor in 0.54 ms, found 0 plugins.
Preloading 0 native plugins for Editor in 0.00 ms.
Mono: successfully reloaded assembly
- Completed reload, in  0.813 seconds
Platform modules already initialized, skipping
Shader 'Universal Render Pipeline/Particles/Lit': fallback shader 'Universal Render Pipeline/Particles/SimpleLit' not found
Refreshing native plugins compatible for Editor in 0.53 ms, found 0 plugins.
Preloading 0 native plugins for Editor in 0.00 ms.
Unloading 2573 Unused Serialized files (Serialized files now loaded: 0)
System memory in use before: 117.1 MB.
System memory in use after: 116.9 MB.

Unloading 19 unused Assets to reduce memory usage. Loaded Objects now: 3129.
Total: 2.894200 ms (FindLiveObjects: 0.320100 ms CreateObjectMapping: 0.073000 ms MarkObjects: 2.274300 ms  DeleteObjects: 0.225600 ms)

========================================================================
Received Import Request.
  Time since last request: 3.335729 seconds.
  path: Assets/Scripts/Enemies
  artifactKey: Guid(be3701cea11a6504890c54337c305589) Importer(815301076,1909f56bfc062723c751e8b465ee728b)
Start importing Assets/Scripts/Enemies using Guid(be3701cea11a6504890c54337c305589) Importer(815301076,1909f56bfc062723c751e8b465ee728b)  -> (artifact id: '90c99c37cd83a4d4a37c8e9b915bc308') in 0.009464 seconds
  Import took 0.013660 seconds .

========================================================================
Received Import Request.
  Time since last request: 5.486539 seconds.
  path: Assets/Scripts/Player
  artifactKey: Guid(cdb22f569ea56a54fa73d64c823b64c4) Importer(815301076,1909f56bfc062723c751e8b465ee728b)
Start importing Assets/Scripts/Player using Guid(cdb22f569ea56a54fa73d64c823b64c4) Importer(815301076,1909f56bfc062723c751e8b465ee728b)  -> (artifact id: '35f1c9303373307536de34273123c7b3') in 0.007142 seconds
  Import took 0.011305 seconds .

========================================================================
Received Import Request.
  Time since last request: 8.277031 seconds.
  path: Assets/Scripts/Agent/PlayerWeapon.cs
  artifactKey: Guid(b19e49303d3e5a94c9cdd162257e62b1) Importer(815301076,1909f56bfc062723c751e8b465ee728b)
Start importing Assets/Scripts/Agent/PlayerWeapon.cs using Guid(b19e49303d3e5a94c9cdd162257e62b1) Importer(815301076,1909f56bfc062723c751e8b465ee728b)  -> (artifact id: 'bfb6ea21aef42ec0b88d55640df09ad9') in 0.017699 seconds
  Import took 0.021829 seconds .

========================================================================
Received Prepare
Registering precompiled user dll's ...
Registered in 0.001643 seconds.
Begin MonoManager ReloadAssembly
Native extension for WindowsStandalone target not found
Native extension for WebGL target not found
Refreshing native plugins compatible for Editor in 0.54 ms, found 0 plugins.
Preloading 0 native plugins for Editor in 0.00 ms.
Mono: successfully reloaded assembly
- Completed reload, in  0.816 seconds
Platform modules already initialized, skipping
Shader 'Universal Render Pipeline/Particles/Lit': fallback shader 'Universal Render Pipeline/Particles/SimpleLit' not found
Refreshing native plugins compatible for Editor in 0.54 ms, found 0 plugins.
Preloading 0 native plugins for Editor in 0.00 ms.
Unloading 2573 Unused Serialized files (Serialized files now loaded: 0)
System memory in use before: 117.1 MB.
System memory in use after: 116.9 MB.

Unloading 19 unused Assets to reduce memory usage. Loaded Objects now: 3132.
Total: 2.382300 ms (FindLiveObjects: 0.314200 ms CreateObjectMapping: 0.073300 ms MarkObjects: 1.758200 ms  DeleteObjects: 0.235700 ms)

========================================================================
Received Import Request.
  Time since last request: 24.554648 seconds.
  path: Assets/Scripts/Interfaces
  artifactKey: Guid(165622a537df0b548a54d9d676353214) Importer(815301076,1909f56bfc062723c751e8b465ee728b)
Start importing Assets/Scripts/Interfaces using Guid(165622a537df0b548a54d9d676353214) Importer(815301076,1909f56bfc062723c751e8b465ee728b)  -> (artifact id: '002205a530425145ef2322c6f4a1f942') in 0.010521 seconds
  Import took 0.015480 seconds .

========================================================================
Received Import Request.
  Time since last request: 20.090422 seconds.
  path: Assets/Scripts/Interfaces/IHitable.cs
  artifactKey: Guid(304899da76d87374aad319fd60c5307f) Importer(815301076,1909f56bfc062723c751e8b465ee728b)
Start importing Assets/Scripts/Interfaces/IHitable.cs using Guid(304899da76d87374aad319fd60c5307f) Importer(815301076,1909f56bfc062723c751e8b465ee728b)  -> (artifact id: '33338b3076c56efbf1dc748e643d3f13') in 0.006895 seconds
  Import took 0.024016 seconds .

========================================================================
Received Prepare
Registering precompiled user dll's ...
Registered in 0.002250 seconds.
Begin MonoManager ReloadAssembly
Native extension for WindowsStandalone target not found
Native extension for WebGL target not found
Refreshing native plugins compatible for Editor in 0.76 ms, found 0 plugins.
Preloading 0 native plugins for Editor in 0.00 ms.
Mono: successfully reloaded assembly
- Completed reload, in  0.918 seconds
Platform modules already initialized, skipping
Shader 'Universal Render Pipeline/Particles/Lit': fallback shader 'Universal Render Pipeline/Particles/SimpleLit' not found
Refreshing native plugins compatible for Editor in 0.71 ms, found 0 plugins.
Preloading 0 native plugins for Editor in 0.00 ms.
Unloading 2574 Unused Serialized files (Serialized files now loaded: 0)
System memory in use before: 117.2 MB.
System memory in use after: 117.0 MB.

Unloading 19 unused Assets to reduce memory usage. Loaded Objects now: 3136.
Total: 6.617800 ms (FindLiveObjects: 0.828800 ms CreateObjectMapping: 0.192100 ms MarkObjects: 5.310000 ms  DeleteObjects: 0.284900 ms)

========================================================================
Received Prepare
Registering precompiled user dll's ...
Registered in 0.002320 seconds.
Begin MonoManager ReloadAssembly
Native extension for WindowsStandalone target not found
Native extension for WebGL target not found
Refreshing native plugins compatible for Editor in 0.55 ms, found 0 plugins.
Preloading 0 native plugins for Editor in 0.00 ms.
Mono: successfully reloaded assembly
- Completed reload, in  0.883 seconds
Platform modules already initialized, skipping
Shader 'Universal Render Pipeline/Particles/Lit': fallback shader 'Universal Render Pipeline/Particles/SimpleLit' not found
Refreshing native plugins compatible for Editor in 0.53 ms, found 0 plugins.
Preloading 0 native plugins for Editor in 0.00 ms.
Unloading 2574 Unused Serialized files (Serialized files now loaded: 0)
System memory in use before: 117.2 MB.
System memory in use after: 117.0 MB.

Unloading 19 unused Assets to reduce memory usage. Loaded Objects now: 3139.
Total: 3.116800 ms (FindLiveObjects: 0.546900 ms CreateObjectMapping: 0.115100 ms MarkObjects: 2.176200 ms  DeleteObjects: 0.276900 ms)

========================================================================
Received Import Request.
  Time since last request: 301.812498 seconds.
  path: Assets/Scripts/Interfaces/IHitable.cs
  artifactKey: Guid(304899da76d87374aad319fd60c5307f) Importer(815301076,1909f56bfc062723c751e8b465ee728b)
Start importing Assets/Scripts/Interfaces/IHitable.cs using Guid(304899da76d87374aad319fd60c5307f) Importer(815301076,1909f56bfc062723c751e8b465ee728b)  -> (artifact id: 'd4dfadd7d278d2d327fc0b3b41e424ba') in 0.005369 seconds
  Import took 0.009611 seconds .

========================================================================
Received Prepare
Registering precompiled user dll's ...
Registered in 0.001586 seconds.
Begin MonoManager ReloadAssembly
Native extension for WindowsStandalone target not found
Native extension for WebGL target not found
Refreshing native plugins compatible for Editor in 0.58 ms, found 0 plugins.
Preloading 0 native plugins for Editor in 0.00 ms.
Mono: successfully reloaded assembly
- Completed reload, in  0.842 seconds
Platform modules already initialized, skipping
Shader 'Universal Render Pipeline/Particles/Lit': fallback shader 'Universal Render Pipeline/Particles/SimpleLit' not found
Refreshing native plugins compatible for Editor in 0.53 ms, found 0 plugins.
Preloading 0 native plugins for Editor in 0.00 ms.
Unloading 2574 Unused Serialized files (Serialized files now loaded: 0)
System memory in use before: 117.2 MB.
System memory in use after: 117.0 MB.

Unloading 19 unused Assets to reduce memory usage. Loaded Objects now: 3142.
Total: 3.139200 ms (FindLiveObjects: 0.452500 ms CreateObjectMapping: 0.092300 ms MarkObjects: 2.212200 ms  DeleteObjects: 0.380100 ms)

========================================================================
Received Import Request.
  Time since last request: 78.136051 seconds.
  path: Assets/Scripts/Interfaces/IHitable.cs
  artifactKey: Guid(304899da76d87374aad319fd60c5307f) Importer(815301076,1909f56bfc062723c751e8b465ee728b)
Start importing Assets/Scripts/Interfaces/IHitable.cs using Guid(304899da76d87374aad319fd60c5307f) Importer(815301076,1909f56bfc062723c751e8b465ee728b)  -> (artifact id: 'd8c2ac5c36568851e30b4776287d88d9') in 0.007266 seconds
  Import took 0.011748 seconds .

========================================================================
Received Import Request.
  Time since last request: 5.577986 seconds.
  path: Assets/Scripts/Enemies/Enemy.cs
  artifactKey: Guid(c98701547c18e24468c1c45c5b809286) Importer(815301076,1909f56bfc062723c751e8b465ee728b)
Start importing Assets/Scripts/Enemies/Enemy.cs using Guid(c98701547c18e24468c1c45c5b809286) Importer(815301076,1909f56bfc062723c751e8b465ee728b)  -> (artifact id: 'cecd439dc55d2dfcba78de193957eaa7') in 0.002383 seconds
  Import took 0.006884 seconds .

========================================================================
Received Prepare
Registering precompiled user dll's ...
Registered in 0.002205 seconds.
Begin MonoManager ReloadAssembly
Native extension for WindowsStandalone target not found
Native extension for WebGL target not found
Refreshing native plugins compatible for Editor in 0.60 ms, found 0 plugins.
Preloading 0 native plugins for Editor in 0.00 ms.
Mono: successfully reloaded assembly
- Completed reload, in  0.925 seconds
Platform modules already initialized, skipping
Shader 'Universal Render Pipeline/Particles/Lit': fallback shader 'Universal Render Pipeline/Particles/SimpleLit' not found
Refreshing native plugins compatible for Editor in 0.59 ms, found 0 plugins.
Preloading 0 native plugins for Editor in 0.00 ms.
Unloading 2575 Unused Serialized files (Serialized files now loaded: 0)
System memory in use before: 117.2 MB.
System memory in use after: 117.0 MB.

Unloading 19 unused Assets to reduce memory usage. Loaded Objects now: 3146.
Total: 3.086700 ms (FindLiveObjects: 0.373900 ms CreateObjectMapping: 0.092800 ms MarkObjects: 2.264200 ms  DeleteObjects: 0.354100 ms)

========================================================================
Received Prepare
Registering precompiled user dll's ...
Registered in 0.003625 seconds.
Begin MonoManager ReloadAssembly
Native extension for WindowsStandalone target not found
Native extension for WebGL target not found
Refreshing native plugins compatible for Editor in 0.60 ms, found 0 plugins.
Preloading 0 native plugins for Editor in 0.00 ms.
Mono: successfully reloaded assembly
- Completed reload, in  0.864 seconds
Platform modules already initialized, skipping
Shader 'Universal Render Pipeline/Particles/Lit': fallback shader 'Universal Render Pipeline/Particles/SimpleLit' not found
Refreshing native plugins compatible for Editor in 0.98 ms, found 0 plugins.
Preloading 0 native plugins for Editor in 0.00 ms.
Unloading 2575 Unused Serialized files (Serialized files now loaded: 0)
System memory in use before: 117.3 MB.
System memory in use after: 117.0 MB.

Unloading 19 unused Assets to reduce memory usage. Loaded Objects now: 3149.
Total: 3.487900 ms (FindLiveObjects: 0.478600 ms CreateObjectMapping: 0.089900 ms MarkObjects: 2.655000 ms  DeleteObjects: 0.263000 ms)

========================================================================
Received Import Request.
  Time since last request: 25.909006 seconds.
  path: Assets/Scripts/Enemies/Enemy.cs
  artifactKey: Guid(c98701547c18e24468c1c45c5b809286) Importer(815301076,1909f56bfc062723c751e8b465ee728b)
Start importing Assets/Scripts/Enemies/Enemy.cs using Guid(c98701547c18e24468c1c45c5b809286) Importer(815301076,1909f56bfc062723c751e8b465ee728b)  -> (artifact id: 'f70fa1d8fa6db0319ed05be8e4ce3e1c') in 0.006552 seconds
  Import took 0.011863 seconds .

========================================================================
Received Prepare
Registering precompiled user dll's ...
Registered in 0.001662 seconds.
Begin MonoManager ReloadAssembly
Native extension for WindowsStandalone target not found
Native extension for WebGL target not found
Refreshing native plugins compatible for Editor in 0.55 ms, found 0 plugins.
Preloading 0 native plugins for Editor in 0.00 ms.
Mono: successfully reloaded assembly
- Completed reload, in  0.855 seconds
Platform modules already initialized, skipping
Shader 'Universal Render Pipeline/Particles/Lit': fallback shader 'Universal Render Pipeline/Particles/SimpleLit' not found
Refreshing native plugins compatible for Editor in 0.55 ms, found 0 plugins.
Preloading 0 native plugins for Editor in 0.00 ms.
Unloading 2575 Unused Serialized files (Serialized files now loaded: 0)
System memory in use before: 117.3 MB.
System memory in use after: 117.1 MB.

Unloading 19 unused Assets to reduce memory usage. Loaded Objects now: 3152.
Total: 4.442400 ms (FindLiveObjects: 0.592800 ms CreateObjectMapping: 0.175800 ms MarkObjects: 3.338100 ms  DeleteObjects: 0.333800 ms)

========================================================================
Received Import Request.
  Time since last request: 174.203824 seconds.
  path: Assets/Scripts/Enemies/Enemy.cs
  artifactKey: Guid(c98701547c18e24468c1c45c5b809286) Importer(815301076,1909f56bfc062723c751e8b465ee728b)
Start importing Assets/Scripts/Enemies/Enemy.cs using Guid(c98701547c18e24468c1c45c5b809286) Importer(815301076,1909f56bfc062723c751e8b465ee728b)  -> (artifact id: 'de2c2365c8a861e0e5f0a4fa2a550e8c') in 0.005697 seconds
  Import took 0.010137 seconds .

========================================================================
Received Prepare
Registering precompiled user dll's ...
Registered in 0.001535 seconds.
Begin MonoManager ReloadAssembly
Native extension for WindowsStandalone target not found
Native extension for WebGL target not found
Refreshing native plugins compatible for Editor in 0.55 ms, found 0 plugins.
Preloading 0 native plugins for Editor in 0.00 ms.
Mono: successfully reloaded assembly
- Completed reload, in  0.886 seconds
Platform modules already initialized, skipping
Shader 'Universal Render Pipeline/Particles/Lit': fallback shader 'Universal Render Pipeline/Particles/SimpleLit' not found
Refreshing native plugins compatible for Editor in 1.11 ms, found 0 plugins.
Preloading 0 native plugins for Editor in 0.00 ms.
Unloading 2575 Unused Serialized files (Serialized files now loaded: 0)
System memory in use before: 117.3 MB.
System memory in use after: 117.1 MB.

Unloading 19 unused Assets to reduce memory usage. Loaded Objects now: 3155.
Total: 5.341900 ms (FindLiveObjects: 0.503500 ms CreateObjectMapping: 0.102300 ms MarkObjects: 4.145800 ms  DeleteObjects: 0.587100 ms)

========================================================================
Received Import Request.
  Time since last request: 264.252279 seconds.
  path: Assets/Scriptable Objects Data/PlayerMovementData 1.asset
  artifactKey: Guid(65a987602e7b50e43ad5e2402a1d3f74) Importer(815301076,1909f56bfc062723c751e8b465ee728b)
Start importing Assets/Scriptable Objects Data/PlayerMovementData 1.asset using Guid(65a987602e7b50e43ad5e2402a1d3f74) Importer(815301076,1909f56bfc062723c751e8b465ee728b)  -> (artifact id: 'ed4b8ef924d467d7bf66167e4bf9ba37') in 0.025549 seconds
  Import took 0.030138 seconds .

========================================================================
Received Import Request.
  Time since last request: 9.195271 seconds.
  path: Assets/Scriptable Objects Data/ZombieEnemyMovementData.asset
  artifactKey: Guid(65a987602e7b50e43ad5e2402a1d3f74) Importer(815301076,1909f56bfc062723c751e8b465ee728b)
Start importing Assets/Scriptable Objects Data/ZombieEnemyMovementData.asset using Guid(65a987602e7b50e43ad5e2402a1d3f74) Importer(815301076,1909f56bfc062723c751e8b465ee728b)  -> (artifact id: 'fbc4c39af60edded6d84f6749b0fcffb') in 0.007336 seconds
  Import took 0.011916 seconds .

========================================================================
Received Import Request.
  Time since last request: 9.538473 seconds.
  path: Assets/Scriptable Objects Data/ZombieEnemyMovementData.asset
  artifactKey: Guid(65a987602e7b50e43ad5e2402a1d3f74) Importer(815301076,1909f56bfc062723c751e8b465ee728b)
Start importing Assets/Scriptable Objects Data/ZombieEnemyMovementData.asset using Guid(65a987602e7b50e43ad5e2402a1d3f74) Importer(815301076,1909f56bfc062723c751e8b465ee728b)  -> (artifact id: '016f827e5cc733fa50787c5c1f8c4e4c') in 0.004134 seconds
  Import took 0.008862 seconds .

========================================================================
Received Import Request.
  Time since last request: 0.000778 seconds.
  path: Assets/Scriptable Objects Data/ZombieEnemyMovementData.asset
  artifactKey: Guid(65a987602e7b50e43ad5e2402a1d3f74) Importer(815301076,1909f56bfc062723c751e8b465ee728b)
Start importing Assets/Scriptable Objects Data/ZombieEnemyMovementData.asset using Guid(65a987602e7b50e43ad5e2402a1d3f74) Importer(815301076,1909f56bfc062723c751e8b465ee728b)  -> (artifact id: '016f827e5cc733fa50787c5c1f8c4e4c') in 0.002494 seconds
  Import took 0.007069 seconds .

========================================================================
Received Import Request.
  Time since last request: 8.164757 seconds.
  path: Assets/Scriptable Objects Data/ZombieEnemyMovementData.asset
  artifactKey: Guid(65a987602e7b50e43ad5e2402a1d3f74) Importer(815301076,1909f56bfc062723c751e8b465ee728b)
Start importing Assets/Scriptable Objects Data/ZombieEnemyMovementData.asset using Guid(65a987602e7b50e43ad5e2402a1d3f74) Importer(815301076,1909f56bfc062723c751e8b465ee728b)  -> (artifact id: '8c8914a05e13ad4b1a1fc9c76fa50a54') in 0.002669 seconds
  Import took 0.007020 seconds .

========================================================================
Received Import Request.
  Time since last request: 0.002183 seconds.
  path: Assets/Scriptable Objects Data/ZombieEnemyMovementData.asset
  artifactKey: Guid(65a987602e7b50e43ad5e2402a1d3f74) Importer(815301076,1909f56bfc062723c751e8b465ee728b)
Start importing Assets/Scriptable Objects Data/ZombieEnemyMovementData.asset using Guid(65a987602e7b50e43ad5e2402a1d3f74) Importer(815301076,1909f56bfc062723c751e8b465ee728b)  -> (artifact id: '8c8914a05e13ad4b1a1fc9c76fa50a54') in 0.002414 seconds
  Import took 0.006691 seconds .

========================================================================
Received Import Request.
  Time since last request: 3.322887 seconds.
  path: Assets/Scriptable Objects Data/ZombieEnemyMovementData.asset
  artifactKey: Guid(65a987602e7b50e43ad5e2402a1d3f74) Importer(815301076,1909f56bfc062723c751e8b465ee728b)
Start importing Assets/Scriptable Objects Data/ZombieEnemyMovementData.asset using Guid(65a987602e7b50e43ad5e2402a1d3f74) Importer(815301076,1909f56bfc062723c751e8b465ee728b)  -> (artifact id: '15eb256a9f24c1d4a9e062092949232e') in 0.002797 seconds
  Import took 0.007685 seconds .

========================================================================
Received Import Request.
  Time since last request: 0.001335 seconds.
  path: Assets/Scriptable Objects Data/ZombieEnemyMovementData.asset
  artifactKey: Guid(65a987602e7b50e43ad5e2402a1d3f74) Importer(815301076,1909f56bfc062723c751e8b465ee728b)
Start importing Assets/Scriptable Objects Data/ZombieEnemyMovementData.asset using Guid(65a987602e7b50e43ad5e2402a1d3f74) Importer(815301076,1909f56bfc062723c751e8b465ee728b)  -> (artifact id: '15eb256a9f24c1d4a9e062092949232e') in 0.003571 seconds
  Import took 0.011483 seconds .

========================================================================
Received Import Request.
  Time since last request: 45.370725 seconds.
  path: Assets/Scripts/Scriptable Objects/EnemySO.cs
  artifactKey: Guid(666ee9800d614854aad55bf11d6f12c1) Importer(815301076,1909f56bfc062723c751e8b465ee728b)
Start importing Assets/Scripts/Scriptable Objects/EnemySO.cs using Guid(666ee9800d614854aad55bf11d6f12c1) Importer(815301076,1909f56bfc062723c751e8b465ee728b)  -> (artifact id: '76944ff3086417501470a0a3d8b10bba') in 0.007667 seconds
  Import took 0.013089 seconds .

========================================================================
Received Prepare
Registering precompiled user dll's ...
Registered in 0.001522 seconds.
Begin MonoManager ReloadAssembly
Native extension for WindowsStandalone target not found
Native extension for WebGL target not found
Refreshing native plugins compatible for Editor in 0.57 ms, found 0 plugins.
Preloading 0 native plugins for Editor in 0.00 ms.
Mono: successfully reloaded assembly
- Completed reload, in  0.841 seconds
Platform modules already initialized, skipping
Shader 'Universal Render Pipeline/Particles/Lit': fallback shader 'Universal Render Pipeline/Particles/SimpleLit' not found
Refreshing native plugins compatible for Editor in 0.80 ms, found 0 plugins.
Preloading 0 native plugins for Editor in 0.00 ms.
Unloading 2576 Unused Serialized files (Serialized files now loaded: 0)
System memory in use before: 117.3 MB.
System memory in use after: 117.1 MB.

Unloading 19 unused Assets to reduce memory usage. Loaded Objects now: 3159.
Total: 2.634600 ms (FindLiveObjects: 0.318400 ms CreateObjectMapping: 0.070300 ms MarkObjects: 1.987300 ms  DeleteObjects: 0.257600 ms)

========================================================================
Received Prepare
Registering precompiled user dll's ...
Registered in 0.001987 seconds.
Begin MonoManager ReloadAssembly
Native extension for WindowsStandalone target not found
Native extension for WebGL target not found
Refreshing native plugins compatible for Editor in 0.81 ms, found 0 plugins.
Preloading 0 native plugins for Editor in 0.00 ms.
Mono: successfully reloaded assembly
- Completed reload, in  0.877 seconds
Platform modules already initialized, skipping
Shader 'Universal Render Pipeline/Particles/Lit': fallback shader 'Universal Render Pipeline/Particles/SimpleLit' not found
Refreshing native plugins compatible for Editor in 0.55 ms, found 0 plugins.
Preloading 0 native plugins for Editor in 0.00 ms.
Unloading 2576 Unused Serialized files (Serialized files now loaded: 0)
System memory in use before: 117.3 MB.
System memory in use after: 117.1 MB.

Unloading 19 unused Assets to reduce memory usage. Loaded Objects now: 3162.
Total: 2.456100 ms (FindLiveObjects: 0.332100 ms CreateObjectMapping: 0.076300 ms MarkObjects: 1.793300 ms  DeleteObjects: 0.252800 ms)

========================================================================
Received Import Request.
  Time since last request: 292.453204 seconds.
  path: Assets/Scripts/Scriptable Objects/EnemySO.cs
  artifactKey: Guid(666ee9800d614854aad55bf11d6f12c1) Importer(815301076,1909f56bfc062723c751e8b465ee728b)
Start importing Assets/Scripts/Scriptable Objects/EnemySO.cs using Guid(666ee9800d614854aad55bf11d6f12c1) Importer(815301076,1909f56bfc062723c751e8b465ee728b)  -> (artifact id: 'a997d1d5f4bb4034a7f7ecbd6cf2970d') in 0.006961 seconds
  Import took 0.011567 seconds .

========================================================================
Received Prepare
Registering precompiled user dll's ...
Registered in 0.001715 seconds.
Begin MonoManager ReloadAssembly
Native extension for WindowsStandalone target not found
Native extension for WebGL target not found
Refreshing native plugins compatible for Editor in 0.58 ms, found 0 plugins.
Preloading 0 native plugins for Editor in 0.00 ms.
Mono: successfully reloaded assembly
- Completed reload, in  0.837 seconds
Platform modules already initialized, skipping
Shader 'Universal Render Pipeline/Particles/Lit': fallback shader 'Universal Render Pipeline/Particles/SimpleLit' not found
Refreshing native plugins compatible for Editor in 0.65 ms, found 0 plugins.
Preloading 0 native plugins for Editor in 0.00 ms.
Unloading 2576 Unused Serialized files (Serialized files now loaded: 0)
System memory in use before: 117.3 MB.
System memory in use after: 117.1 MB.

Unloading 19 unused Assets to reduce memory usage. Loaded Objects now: 3165.
Total: 4.034400 ms (FindLiveObjects: 0.447300 ms CreateObjectMapping: 0.241200 ms MarkObjects: 3.014100 ms  DeleteObjects: 0.330500 ms)

========================================================================
Received Import Request.
  Time since last request: 94.742171 seconds.
  path: Assets/Scriptable Objects Data/EnemyData
  artifactKey: Guid(21472cc084d106f429354e87aa167380) Importer(815301076,1909f56bfc062723c751e8b465ee728b)
Start importing Assets/Scriptable Objects Data/EnemyData using Guid(21472cc084d106f429354e87aa167380) Importer(815301076,1909f56bfc062723c751e8b465ee728b)  -> (artifact id: 'a4fbc67189b28588f161fcd0cd40a5ae') in 0.012932 seconds
  Import took 0.017497 seconds .

========================================================================
Received Import Request.
  Time since last request: 23.954630 seconds.
  path: Assets/Scriptable Objects Data/EnemyData/ZombieEnemyData.asset
  artifactKey: Guid(761ae1345d59ab64c821c99360692b2e) Importer(815301076,1909f56bfc062723c751e8b465ee728b)
Start importing Assets/Scriptable Objects Data/EnemyData/ZombieEnemyData.asset using Guid(761ae1345d59ab64c821c99360692b2e) Importer(815301076,1909f56bfc062723c751e8b465ee728b)  -> (artifact id: 'a8068799ada837e78079fe853eb1bc6c') in 0.016982 seconds
  Import took 0.021137 seconds .

========================================================================
Received Import Request.
  Time since last request: 10.770589 seconds.
  path: Assets/Scriptable Objects Data/PlayerData
  artifactKey: Guid(9a0df260a55198f4280c10f3f448a00d) Importer(815301076,1909f56bfc062723c751e8b465ee728b)
Start importing Assets/Scriptable Objects Data/PlayerData using Guid(9a0df260a55198f4280c10f3f448a00d) Importer(815301076,1909f56bfc062723c751e8b465ee728b)  -> (artifact id: '3d6c7a4cf7db0282d8fc518c0b86bd85') in 0.006725 seconds
  Import took 0.010951 seconds .

AssetImportWorkerClient::OnTransportError - code=2 error=End of file
