Using pre-set license
Built from '2020.3/staging' branch; Version is '2020.3.6f1 (338bb68529b2) revision 3378102'; Using compiler version '192528614'; Build Type 'Release'
OS: 'Windows 10 Pro N; OS build 19042.928; Version 2009; 64bit' Language: 'en' Physical Memory: 16315 MB
BatchMode: 1, IsHumanControllingUs: 0, StartBugReporterOnCrash: 0, Is64bit: 1, IsPro: 0

 COMMAND LINE ARGUMENTS:
D:\Unity\Unity Editor\2020.3.6f1\Editor\Unity.exe
-adb2
-batchMode
-noUpm
-name
AssetImportWorker0
-projectPath
D:/Unity_Games/TopDown
-logFile
Logs/AssetImportWorker0.log
-srvPort
61438
Successfully changed project path to: D:/Unity_Games/TopDown
D:/Unity_Games/TopDown
Using Asset Import Pipeline V2.
Refreshing native plugins compatible for Editor in 50.02 ms, found 0 plugins.
Preloading 0 native plugins for Editor in 0.00 ms.
Initialize engine version: 2020.3.6f1 (338bb68529b2)
[Subsystems] Discovering subsystems at path D:/Unity/Unity Editor/2020.3.6f1/Editor/Data/Resources/UnitySubsystems
[Subsystems] Discovering subsystems at path D:/Unity_Games/TopDown/Assets
GfxDevice: creating device client; threaded=0
Direct3D:
    Version:  Direct3D 11.0 [level 11.1]
    Renderer: NVIDIA GeForce GTX 1050 Ti (ID=0x1c82)
    Vendor:   
    VRAM:     4018 MB
    Driver:   27.21.14.5671
Shader 'Universal Render Pipeline/Particles/Lit': fallback shader 'Universal Render Pipeline/Particles/SimpleLit' not found
Initialize mono
Mono path[0] = 'D:/Unity/Unity Editor/2020.3.6f1/Editor/Data/Managed'
Mono path[1] = 'D:/Unity/Unity Editor/2020.3.6f1/Editor/Data/MonoBleedingEdge/lib/mono/unityjit'
Mono config path = 'D:/Unity/Unity Editor/2020.3.6f1/Editor/Data/MonoBleedingEdge/etc'
Using monoOptions --debugger-agent=transport=dt_socket,embedding=1,server=y,suspend=n,address=127.0.0.1:56128
Begin MonoManager ReloadAssembly
Registering precompiled unity dll's ...
Register platform support module: D:/Unity/Unity Editor/2020.3.6f1/Editor/Data/PlaybackEngines/WebGLSupport/UnityEditor.WebGL.Extensions.dll
Register platform support module: D:/Unity/Unity Editor/2020.3.6f1/Editor/Data/PlaybackEngines/WindowsStandaloneSupport/UnityEditor.WindowsStandalone.Extensions.dll
Registered in 0.001277 seconds.
Native extension for WindowsStandalone target not found
Native extension for WebGL target not found
Refreshing native plugins compatible for Editor in 61.12 ms, found 0 plugins.
Preloading 0 native plugins for Editor in 0.00 ms.
Mono: successfully reloaded assembly
- Completed reload, in  1.617 seconds
Platform modules already initialized, skipping
Registering precompiled user dll's ...
Registered in 0.001737 seconds.
Begin MonoManager ReloadAssembly
Native extension for WindowsStandalone target not found
Native extension for WebGL target not found
Refreshing native plugins compatible for Editor in 73.56 ms, found 0 plugins.
Preloading 0 native plugins for Editor in 0.00 ms.
Mono: successfully reloaded assembly
- Completed reload, in  1.388 seconds
Platform modules already initialized, skipping
========================================================================
Worker process is ready to serve import requests
Shader 'Universal Render Pipeline/Particles/Lit': fallback shader 'Universal Render Pipeline/Particles/SimpleLit' not found
Launched and connected shader compiler UnityShaderCompiler.exe after 0.06 seconds
Refreshing native plugins compatible for Editor in 2.96 ms, found 0 plugins.
Preloading 0 native plugins for Editor in 0.00 ms.
Unloading 2725 Unused Serialized files (Serialized files now loaded: 0)
System memory in use before: 125.8 MB.
System memory in use after: 125.6 MB.

Unloading 24 unused Assets to reduce memory usage. Loaded Objects now: 3170.
Total: 4.245500 ms (FindLiveObjects: 0.591000 ms CreateObjectMapping: 0.146500 ms MarkObjects: 3.224700 ms  DeleteObjects: 0.281600 ms)

========================================================================
Received Import Request.
  path: Assets/Scripts/Enemies/EnemySpawner.cs
  artifactKey: Guid(ea99fd305f9c92548bfa442bacd9d47f) Importer(815301076,1909f56bfc062723c751e8b465ee728b)
Start importing Assets/Scripts/Enemies/EnemySpawner.cs using Guid(ea99fd305f9c92548bfa442bacd9d47f) Importer(815301076,1909f56bfc062723c751e8b465ee728b)  -> (artifact id: '0b613c8e462c57d73eea560af5fbe177') in 0.089749 seconds
  Import took 0.097038 seconds .

========================================================================
Received Prepare
Registering precompiled user dll's ...
Registered in 0.001588 seconds.
Begin MonoManager ReloadAssembly
Native extension for WindowsStandalone target not found
Native extension for WebGL target not found
Refreshing native plugins compatible for Editor in 0.59 ms, found 0 plugins.
Preloading 0 native plugins for Editor in 0.00 ms.
Mono: successfully reloaded assembly
- Completed reload, in  1.026 seconds
Platform modules already initialized, skipping
Shader 'Universal Render Pipeline/Particles/Lit': fallback shader 'Universal Render Pipeline/Particles/SimpleLit' not found
Refreshing native plugins compatible for Editor in 0.58 ms, found 0 plugins.
Preloading 0 native plugins for Editor in 0.00 ms.
Unloading 2605 Unused Serialized files (Serialized files now loaded: 0)
System memory in use before: 118.1 MB.
System memory in use after: 118.0 MB.

Unloading 15 unused Assets to reduce memory usage. Loaded Objects now: 3173.
Total: 2.821200 ms (FindLiveObjects: 0.418800 ms CreateObjectMapping: 0.072400 ms MarkObjects: 2.133500 ms  DeleteObjects: 0.194400 ms)

========================================================================
Received Prepare
Registering precompiled user dll's ...
Registered in 0.001572 seconds.
Begin MonoManager ReloadAssembly
Native extension for WindowsStandalone target not found
Native extension for WebGL target not found
Refreshing native plugins compatible for Editor in 0.76 ms, found 0 plugins.
Preloading 0 native plugins for Editor in 0.00 ms.
Mono: successfully reloaded assembly
- Completed reload, in  1.035 seconds
Platform modules already initialized, skipping
Shader 'Universal Render Pipeline/Particles/Lit': fallback shader 'Universal Render Pipeline/Particles/SimpleLit' not found
Refreshing native plugins compatible for Editor in 0.54 ms, found 0 plugins.
Preloading 0 native plugins for Editor in 0.00 ms.
Unloading 2605 Unused Serialized files (Serialized files now loaded: 0)
System memory in use before: 118.2 MB.
System memory in use after: 118.1 MB.

Unloading 15 unused Assets to reduce memory usage. Loaded Objects now: 3176.
Total: 3.670200 ms (FindLiveObjects: 0.522000 ms CreateObjectMapping: 0.100400 ms MarkObjects: 2.841100 ms  DeleteObjects: 0.204400 ms)

========================================================================
Received Import Request.
  Time since last request: 571.507461 seconds.
  path: Assets/Scripts/Enemies/EnemySpawner.cs
  artifactKey: Guid(ea99fd305f9c92548bfa442bacd9d47f) Importer(815301076,1909f56bfc062723c751e8b465ee728b)
Start importing Assets/Scripts/Enemies/EnemySpawner.cs using Guid(ea99fd305f9c92548bfa442bacd9d47f) Importer(815301076,1909f56bfc062723c751e8b465ee728b)  -> (artifact id: '4ec6827e5f81ee8756d0440f3844ba6d') in 0.008738 seconds
  Import took 0.013180 seconds .

========================================================================
Received Prepare
Registering precompiled user dll's ...
Registered in 0.001503 seconds.
Begin MonoManager ReloadAssembly
Native extension for WindowsStandalone target not found
Native extension for WebGL target not found
Refreshing native plugins compatible for Editor in 0.58 ms, found 0 plugins.
Preloading 0 native plugins for Editor in 0.00 ms.
Mono: successfully reloaded assembly
- Completed reload, in  0.857 seconds
Platform modules already initialized, skipping
Shader 'Universal Render Pipeline/Particles/Lit': fallback shader 'Universal Render Pipeline/Particles/SimpleLit' not found
Refreshing native plugins compatible for Editor in 0.55 ms, found 0 plugins.
Preloading 0 native plugins for Editor in 0.00 ms.
Unloading 2605 Unused Serialized files (Serialized files now loaded: 0)
System memory in use before: 118.2 MB.
System memory in use after: 118.1 MB.

Unloading 15 unused Assets to reduce memory usage. Loaded Objects now: 3179.
Total: 3.903000 ms (FindLiveObjects: 0.489600 ms CreateObjectMapping: 0.075700 ms MarkObjects: 2.989700 ms  DeleteObjects: 0.345200 ms)

========================================================================
Received Import Request.
  Time since last request: 137.479571 seconds.
  path: Assets/Scripts/Enemies/EnemySpawner.cs
  artifactKey: Guid(ea99fd305f9c92548bfa442bacd9d47f) Importer(815301076,1909f56bfc062723c751e8b465ee728b)
Start importing Assets/Scripts/Enemies/EnemySpawner.cs using Guid(ea99fd305f9c92548bfa442bacd9d47f) Importer(815301076,1909f56bfc062723c751e8b465ee728b)  -> (artifact id: 'f146c4469bc371ebba61656a34fd6e0b') in 0.005980 seconds
  Import took 0.010333 seconds .

========================================================================
Received Import Request.
  Time since last request: 166.828384 seconds.
  path: Assets/Prefabs/Enemy Zombie.prefab
  artifactKey: Guid(51f4f0cd05877e4409e43268dadc54e3) Importer(815301076,1909f56bfc062723c751e8b465ee728b)
Start importing Assets/Prefabs/Enemy Zombie.prefab using Guid(51f4f0cd05877e4409e43268dadc54e3) Importer(815301076,1909f56bfc062723c751e8b465ee728b)  -> (artifact id: 'eab12e55af4e6398e7f786acbc24e62e') in 0.217956 seconds
  Import took 0.237519 seconds .

========================================================================
Received Import Request.
  Time since last request: 0.000265 seconds.
  path: Assets/Prefabs/Heart.prefab
  artifactKey: Guid(e7ce655752d9c244a8c8c91c6effff19) Importer(815301076,1909f56bfc062723c751e8b465ee728b)
Start importing Assets/Prefabs/Heart.prefab using Guid(e7ce655752d9c244a8c8c91c6effff19) Importer(815301076,1909f56bfc062723c751e8b465ee728b)  -> (artifact id: '523356dac9f32ab4b90ad1c73de9777f') in 0.013097 seconds
  Import took 0.017833 seconds .

========================================================================
Received Import Request.
  Time since last request: 19.885614 seconds.
  path: Assets/Prefabs/Enemy Zombie.prefab
  artifactKey: Guid(51f4f0cd05877e4409e43268dadc54e3) Importer(815301076,1909f56bfc062723c751e8b465ee728b)
Start importing Assets/Prefabs/Enemy Zombie.prefab using Guid(51f4f0cd05877e4409e43268dadc54e3) Importer(815301076,1909f56bfc062723c751e8b465ee728b)  -> (artifact id: 'c65b4ac29cb5fb4f197f3355ae064b85') in 0.013750 seconds
  Import took 0.019721 seconds .

========================================================================
Received Import Request.
  Time since last request: 3.249057 seconds.
  path: Assets/Prefabs/Enemy Zombie.prefab
  artifactKey: Guid(51f4f0cd05877e4409e43268dadc54e3) Importer(815301076,1909f56bfc062723c751e8b465ee728b)
Start importing Assets/Prefabs/Enemy Zombie.prefab using Guid(51f4f0cd05877e4409e43268dadc54e3) Importer(815301076,1909f56bfc062723c751e8b465ee728b)  -> (artifact id: '9d37363199eca25d2fbf7578f3f15c33') in 0.013052 seconds
  Import took 0.017764 seconds .

========================================================================
Received Import Request.
  Time since last request: 278.923980 seconds.
  path: Assets/Scripts/AI/Decisions
  artifactKey: Guid(457713b49254fcb42b96895d801306e5) Importer(815301076,1909f56bfc062723c751e8b465ee728b)
Start importing Assets/Scripts/AI/Decisions using Guid(457713b49254fcb42b96895d801306e5) Importer(815301076,1909f56bfc062723c751e8b465ee728b)  -> (artifact id: '27ade0140fbb8ac6d1b28781b69a0bd5') in 0.007725 seconds
  Import took 0.023425 seconds .

========================================================================
Received Import Request.
  Time since last request: 7.528005 seconds.
  path: Assets/Scripts/AI/Decisions/LookDecisin.cs
  artifactKey: Guid(5a161e6b9020a86408d56d6639ce0da5) Importer(815301076,1909f56bfc062723c751e8b465ee728b)
Start importing Assets/Scripts/AI/Decisions/LookDecisin.cs using Guid(5a161e6b9020a86408d56d6639ce0da5) Importer(815301076,1909f56bfc062723c751e8b465ee728b)  -> (artifact id: '346287351085b99d60bc26ad0346f9e8') in 0.009400 seconds
  Import took 0.016340 seconds .

========================================================================
Received Prepare
Registering precompiled user dll's ...
Registered in 0.001528 seconds.
Begin MonoManager ReloadAssembly
Native extension for WindowsStandalone target not found
Native extension for WebGL target not found
Refreshing native plugins compatible for Editor in 0.56 ms, found 0 plugins.
Preloading 0 native plugins for Editor in 0.00 ms.
Mono: successfully reloaded assembly
- Completed reload, in  0.985 seconds
Platform modules already initialized, skipping
Shader 'Universal Render Pipeline/Particles/Lit': fallback shader 'Universal Render Pipeline/Particles/SimpleLit' not found
Refreshing native plugins compatible for Editor in 0.76 ms, found 0 plugins.
Preloading 0 native plugins for Editor in 0.00 ms.
Unloading 2606 Unused Serialized files (Serialized files now loaded: 0)
System memory in use before: 123.4 MB.
System memory in use after: 123.3 MB.

Unloading 15 unused Assets to reduce memory usage. Loaded Objects now: 3228.
Total: 4.302700 ms (FindLiveObjects: 0.732800 ms CreateObjectMapping: 0.193900 ms MarkObjects: 3.192300 ms  DeleteObjects: 0.182000 ms)

========================================================================
Received Prepare
Registering precompiled user dll's ...
Registered in 0.001824 seconds.
Begin MonoManager ReloadAssembly
Native extension for WindowsStandalone target not found
Native extension for WebGL target not found
Refreshing native plugins compatible for Editor in 0.56 ms, found 0 plugins.
Preloading 0 native plugins for Editor in 0.00 ms.
Mono: successfully reloaded assembly
- Completed reload, in  0.965 seconds
Platform modules already initialized, skipping
Shader 'Universal Render Pipeline/Particles/Lit': fallback shader 'Universal Render Pipeline/Particles/SimpleLit' not found
Refreshing native plugins compatible for Editor in 0.58 ms, found 0 plugins.
Preloading 0 native plugins for Editor in 0.00 ms.
Unloading 2606 Unused Serialized files (Serialized files now loaded: 0)
System memory in use before: 123.4 MB.
System memory in use after: 123.4 MB.

Unloading 15 unused Assets to reduce memory usage. Loaded Objects now: 3231.
Total: 2.866600 ms (FindLiveObjects: 0.374800 ms CreateObjectMapping: 0.089800 ms MarkObjects: 2.202100 ms  DeleteObjects: 0.198000 ms)

========================================================================
Received Import Request.
  Time since last request: 614.348598 seconds.
  path: Assets/Scripts/AI/Decisions/LookDecision.cs
  artifactKey: Guid(5a161e6b9020a86408d56d6639ce0da5) Importer(815301076,1909f56bfc062723c751e8b465ee728b)
Start importing Assets/Scripts/AI/Decisions/LookDecision.cs using Guid(5a161e6b9020a86408d56d6639ce0da5) Importer(815301076,1909f56bfc062723c751e8b465ee728b)  -> (artifact id: '199229f835e187349046d164f9bc8fed') in 0.010023 seconds
  Import took 0.015537 seconds .

========================================================================
Received Import Request.
  Time since last request: 32.798732 seconds.
  path: Assets/Prefabs/Enemy Zombie.prefab
  artifactKey: Guid(51f4f0cd05877e4409e43268dadc54e3) Importer(815301076,1909f56bfc062723c751e8b465ee728b)
Start importing Assets/Prefabs/Enemy Zombie.prefab using Guid(51f4f0cd05877e4409e43268dadc54e3) Importer(815301076,1909f56bfc062723c751e8b465ee728b)  -> (artifact id: '89142b61f1a6a155cc49f0fef2c39e49') in 0.174549 seconds
  Import took 0.180035 seconds .

========================================================================
Received Import Request.
  Time since last request: 4.455013 seconds.
  path: Assets/Prefabs/Enemy Zombie.prefab
  artifactKey: Guid(51f4f0cd05877e4409e43268dadc54e3) Importer(815301076,1909f56bfc062723c751e8b465ee728b)
Start importing Assets/Prefabs/Enemy Zombie.prefab using Guid(51f4f0cd05877e4409e43268dadc54e3) Importer(815301076,1909f56bfc062723c751e8b465ee728b)  -> (artifact id: '2eca9c228cdc13b74238f15013642247') in 0.012504 seconds
  Import took 0.019230 seconds .

========================================================================
Received Import Request.
  Time since last request: 7.809920 seconds.
  path: Assets/Prefabs/Enemy Zombie.prefab
  artifactKey: Guid(51f4f0cd05877e4409e43268dadc54e3) Importer(815301076,1909f56bfc062723c751e8b465ee728b)
Start importing Assets/Prefabs/Enemy Zombie.prefab using Guid(51f4f0cd05877e4409e43268dadc54e3) Importer(815301076,1909f56bfc062723c751e8b465ee728b)  -> (artifact id: '3fda74c451f19b86d24c17f0739bab05') in 0.012554 seconds
  Import took 0.017456 seconds .

========================================================================
Received Import Request.
  Time since last request: 5.092106 seconds.
  path: Assets/Prefabs/Enemy Zombie.prefab
  artifactKey: Guid(51f4f0cd05877e4409e43268dadc54e3) Importer(815301076,1909f56bfc062723c751e8b465ee728b)
Start importing Assets/Prefabs/Enemy Zombie.prefab using Guid(51f4f0cd05877e4409e43268dadc54e3) Importer(815301076,1909f56bfc062723c751e8b465ee728b)  -> (artifact id: 'd7edb8cc595dc3b0a091f329c16352e2') in 0.012971 seconds
  Import took 0.017824 seconds .

========================================================================
Received Import Request.
  Time since last request: 4031.036927 seconds.
  path: Assets/Prefabs/Enemy Zombie.prefab
  artifactKey: Guid(51f4f0cd05877e4409e43268dadc54e3) Importer(815301076,1909f56bfc062723c751e8b465ee728b)
Start importing Assets/Prefabs/Enemy Zombie.prefab using Guid(51f4f0cd05877e4409e43268dadc54e3) Importer(815301076,1909f56bfc062723c751e8b465ee728b)  -> (artifact id: '11a841398fc326a9a7c057eab1d0f1d9') in 0.025792 seconds
  Import took 0.041883 seconds .

========================================================================
Received Import Request.
  Time since last request: 11.376174 seconds.
  path: Assets/Prefabs/Enemy Zombie.prefab
  artifactKey: Guid(51f4f0cd05877e4409e43268dadc54e3) Importer(815301076,1909f56bfc062723c751e8b465ee728b)
Start importing Assets/Prefabs/Enemy Zombie.prefab using Guid(51f4f0cd05877e4409e43268dadc54e3) Importer(815301076,1909f56bfc062723c751e8b465ee728b)  -> (artifact id: '644114b5207b189c2ab6314034320896') in 0.017505 seconds
  Import took 0.024286 seconds .

========================================================================
Received Import Request.
  Time since last request: 50.365932 seconds.
  path: Assets/Resources/DOTweenSettings.asset
  artifactKey: Guid(f93305961c108cc44adae206666b1903) Importer(815301076,1909f56bfc062723c751e8b465ee728b)
Start importing Assets/Resources/DOTweenSettings.asset using Guid(f93305961c108cc44adae206666b1903) Importer(815301076,1909f56bfc062723c751e8b465ee728b)  -> (artifact id: '51dbda46487c7da68b357ed9bb76c146') in 0.021586 seconds
  Import took 0.026370 seconds .

========================================================================
Received Import Request.
  Time since last request: 23.908480 seconds.
  path: Assets/Scripts/Scriptable Objects/ResourceSO.cs
  artifactKey: Guid(81d6cfb453a207f4a8eee9efb50ceeb5) Importer(815301076,1909f56bfc062723c751e8b465ee728b)
Start importing Assets/Scripts/Scriptable Objects/ResourceSO.cs using Guid(81d6cfb453a207f4a8eee9efb50ceeb5) Importer(815301076,1909f56bfc062723c751e8b465ee728b)  -> (artifact id: 'd46ded5b8599551db5d7dac61400ea09') in 0.008284 seconds
  Import took 0.013269 seconds .

========================================================================
Received Prepare
Registering precompiled user dll's ...
Registered in 0.001883 seconds.
Begin MonoManager ReloadAssembly
Native extension for WindowsStandalone target not found
Native extension for WebGL target not found
Refreshing native plugins compatible for Editor in 0.55 ms, found 0 plugins.
Preloading 0 native plugins for Editor in 0.00 ms.
Mono: successfully reloaded assembly
- Completed reload, in  0.852 seconds
Platform modules already initialized, skipping
Shader 'Universal Render Pipeline/Particles/Lit': fallback shader 'Universal Render Pipeline/Particles/SimpleLit' not found
Refreshing native plugins compatible for Editor in 0.54 ms, found 0 plugins.
Preloading 0 native plugins for Editor in 0.00 ms.
Unloading 2607 Unused Serialized files (Serialized files now loaded: 0)
System memory in use before: 123.6 MB.
System memory in use after: 123.5 MB.

Unloading 15 unused Assets to reduce memory usage. Loaded Objects now: 3271.
Total: 2.916600 ms (FindLiveObjects: 0.347300 ms CreateObjectMapping: 0.071800 ms MarkObjects: 2.319800 ms  DeleteObjects: 0.176000 ms)

========================================================================
Received Prepare
Registering precompiled user dll's ...
Registered in 0.002157 seconds.
Begin MonoManager ReloadAssembly
Native extension for WindowsStandalone target not found
Native extension for WebGL target not found
Refreshing native plugins compatible for Editor in 0.54 ms, found 0 plugins.
Preloading 0 native plugins for Editor in 0.00 ms.
Mono: successfully reloaded assembly
- Completed reload, in  0.890 seconds
Platform modules already initialized, skipping
Shader 'Universal Render Pipeline/Particles/Lit': fallback shader 'Universal Render Pipeline/Particles/SimpleLit' not found
Refreshing native plugins compatible for Editor in 0.61 ms, found 0 plugins.
Preloading 0 native plugins for Editor in 0.00 ms.
Unloading 2607 Unused Serialized files (Serialized files now loaded: 0)
System memory in use before: 123.6 MB.
System memory in use after: 123.5 MB.

Unloading 15 unused Assets to reduce memory usage. Loaded Objects now: 3274.
Total: 2.954100 ms (FindLiveObjects: 0.384400 ms CreateObjectMapping: 0.078600 ms MarkObjects: 2.299500 ms  DeleteObjects: 0.190400 ms)

========================================================================
Received Import Request.
  Time since last request: 17.684759 seconds.
  path: Assets/Scripts/Scriptable Objects/ResourceSO.cs
  artifactKey: Guid(81d6cfb453a207f4a8eee9efb50ceeb5) Importer(815301076,1909f56bfc062723c751e8b465ee728b)
Start importing Assets/Scripts/Scriptable Objects/ResourceSO.cs using Guid(81d6cfb453a207f4a8eee9efb50ceeb5) Importer(815301076,1909f56bfc062723c751e8b465ee728b)  -> (artifact id: 'f5b57abdd3cfb03e98be8e3893234503') in 0.006710 seconds
  Import took 0.011669 seconds .

========================================================================
Received Prepare
Registering precompiled user dll's ...
Registered in 0.001530 seconds.
Begin MonoManager ReloadAssembly
Native extension for WindowsStandalone target not found
Native extension for WebGL target not found
Refreshing native plugins compatible for Editor in 0.54 ms, found 0 plugins.
Preloading 0 native plugins for Editor in 0.00 ms.
Mono: successfully reloaded assembly
- Completed reload, in  0.880 seconds
Platform modules already initialized, skipping
Shader 'Universal Render Pipeline/Particles/Lit': fallback shader 'Universal Render Pipeline/Particles/SimpleLit' not found
Refreshing native plugins compatible for Editor in 1.13 ms, found 0 plugins.
Preloading 0 native plugins for Editor in 0.00 ms.
Unloading 2607 Unused Serialized files (Serialized files now loaded: 0)
System memory in use before: 123.8 MB.
System memory in use after: 123.7 MB.

Unloading 15 unused Assets to reduce memory usage. Loaded Objects now: 3277.
Total: 3.157400 ms (FindLiveObjects: 0.410600 ms CreateObjectMapping: 0.078800 ms MarkObjects: 2.434800 ms  DeleteObjects: 0.231000 ms)

========================================================================
Received Import Request.
  Time since last request: 261.005882 seconds.
  path: Assets/Scripts/Scriptable Objects/ResourceSO.cs
  artifactKey: Guid(81d6cfb453a207f4a8eee9efb50ceeb5) Importer(815301076,1909f56bfc062723c751e8b465ee728b)
Start importing Assets/Scripts/Scriptable Objects/ResourceSO.cs using Guid(81d6cfb453a207f4a8eee9efb50ceeb5) Importer(815301076,1909f56bfc062723c751e8b465ee728b)  -> (artifact id: 'c5ff4111f61358f3231e57c0383df825') in 0.005358 seconds
  Import took 0.010452 seconds .

========================================================================
Received Import Request.
  Time since last request: 17.400279 seconds.
  path: Assets/Scripts/Items
  artifactKey: Guid(0b05f6505dc7d134f9674ebb31fc9491) Importer(815301076,1909f56bfc062723c751e8b465ee728b)
Start importing Assets/Scripts/Items using Guid(0b05f6505dc7d134f9674ebb31fc9491) Importer(815301076,1909f56bfc062723c751e8b465ee728b)  -> (artifact id: 'fdd9cb70907077126daaf244e203f503') in 0.006713 seconds
  Import took 0.011616 seconds .

========================================================================
Received Import Request.
  Time since last request: 0.000452 seconds.
  path: Assets/Scripts/Items
  artifactKey: Guid(0b05f6505dc7d134f9674ebb31fc9491) Importer(815301076,1909f56bfc062723c751e8b465ee728b)
Start importing Assets/Scripts/Items using Guid(0b05f6505dc7d134f9674ebb31fc9491) Importer(815301076,1909f56bfc062723c751e8b465ee728b)  -> (artifact id: 'fdd9cb70907077126daaf244e203f503') in 0.003683 seconds
  Import took 0.009099 seconds .

========================================================================
Received Import Request.
  Time since last request: 15.222176 seconds.
  path: Assets/Scripts/Items/Resouce.cs
  artifactKey: Guid(d7bcd964ca83fb54d8c9fdff15e9460a) Importer(815301076,1909f56bfc062723c751e8b465ee728b)
Start importing Assets/Scripts/Items/Resouce.cs using Guid(d7bcd964ca83fb54d8c9fdff15e9460a) Importer(815301076,1909f56bfc062723c751e8b465ee728b)  -> (artifact id: '286eee83f6cfee8d4a06828cfcbf4e06') in 0.009935 seconds
  Import took 0.015592 seconds .

========================================================================
Received Prepare
Registering precompiled user dll's ...
Registered in 0.001683 seconds.
Begin MonoManager ReloadAssembly
Native extension for WindowsStandalone target not found
Native extension for WebGL target not found
Refreshing native plugins compatible for Editor in 0.55 ms, found 0 plugins.
Preloading 0 native plugins for Editor in 0.00 ms.
Mono: successfully reloaded assembly
- Completed reload, in  0.944 seconds
Platform modules already initialized, skipping
Shader 'Universal Render Pipeline/Particles/Lit': fallback shader 'Universal Render Pipeline/Particles/SimpleLit' not found
Refreshing native plugins compatible for Editor in 0.57 ms, found 0 plugins.
Preloading 0 native plugins for Editor in 0.00 ms.
Unloading 2608 Unused Serialized files (Serialized files now loaded: 0)
System memory in use before: 123.8 MB.
System memory in use after: 123.7 MB.

Unloading 15 unused Assets to reduce memory usage. Loaded Objects now: 3281.
Total: 2.848200 ms (FindLiveObjects: 0.412200 ms CreateObjectMapping: 0.069700 ms MarkObjects: 2.162400 ms  DeleteObjects: 0.202600 ms)

========================================================================
Received Prepare
Registering precompiled user dll's ...
Registered in 0.002227 seconds.
Begin MonoManager ReloadAssembly
Native extension for WindowsStandalone target not found
Native extension for WebGL target not found
Refreshing native plugins compatible for Editor in 0.54 ms, found 0 plugins.
Preloading 0 native plugins for Editor in 0.00 ms.
Mono: successfully reloaded assembly
- Completed reload, in  1.029 seconds
Platform modules already initialized, skipping
Shader 'Universal Render Pipeline/Particles/Lit': fallback shader 'Universal Render Pipeline/Particles/SimpleLit' not found
Refreshing native plugins compatible for Editor in 0.60 ms, found 0 plugins.
Preloading 0 native plugins for Editor in 0.00 ms.
Unloading 2608 Unused Serialized files (Serialized files now loaded: 0)
System memory in use before: 123.8 MB.
System memory in use after: 123.7 MB.

Unloading 15 unused Assets to reduce memory usage. Loaded Objects now: 3284.
Total: 2.740400 ms (FindLiveObjects: 0.418600 ms CreateObjectMapping: 0.079200 ms MarkObjects: 2.039800 ms  DeleteObjects: 0.201700 ms)

========================================================================
Received Import Request.
  Time since last request: 21.460057 seconds.
  path: Assets/Scripts/Items/Resouce.cs
  artifactKey: Guid(d7bcd964ca83fb54d8c9fdff15e9460a) Importer(815301076,1909f56bfc062723c751e8b465ee728b)
Start importing Assets/Scripts/Items/Resouce.cs using Guid(d7bcd964ca83fb54d8c9fdff15e9460a) Importer(815301076,1909f56bfc062723c751e8b465ee728b)  -> (artifact id: '5c315c3e2bf6ba6a989f2e7f37613bff') in 0.005612 seconds
  Import took 0.011305 seconds .

========================================================================
Received Prepare
Registering precompiled user dll's ...
Registered in 0.001588 seconds.
Begin MonoManager ReloadAssembly
Native extension for WindowsStandalone target not found
Native extension for WebGL target not found
Refreshing native plugins compatible for Editor in 0.54 ms, found 0 plugins.
Preloading 0 native plugins for Editor in 0.00 ms.
Mono: successfully reloaded assembly
- Completed reload, in  0.847 seconds
Platform modules already initialized, skipping
Shader 'Universal Render Pipeline/Particles/Lit': fallback shader 'Universal Render Pipeline/Particles/SimpleLit' not found
Refreshing native plugins compatible for Editor in 0.57 ms, found 0 plugins.
Preloading 0 native plugins for Editor in 0.00 ms.
Unloading 2608 Unused Serialized files (Serialized files now loaded: 0)
System memory in use before: 123.8 MB.
System memory in use after: 123.7 MB.

Unloading 15 unused Assets to reduce memory usage. Loaded Objects now: 3287.
Total: 2.847100 ms (FindLiveObjects: 0.367400 ms CreateObjectMapping: 0.072400 ms MarkObjects: 2.219800 ms  DeleteObjects: 0.186400 ms)

========================================================================
Received Import Request.
  Time since last request: 229.641548 seconds.
  path: Assets/Scripts/Items/Resouce.cs
  artifactKey: Guid(d7bcd964ca83fb54d8c9fdff15e9460a) Importer(815301076,1909f56bfc062723c751e8b465ee728b)
Start importing Assets/Scripts/Items/Resouce.cs using Guid(d7bcd964ca83fb54d8c9fdff15e9460a) Importer(815301076,1909f56bfc062723c751e8b465ee728b)  -> (artifact id: 'cc57382029084073681644361ad7835b') in 0.005763 seconds
  Import took 0.010019 seconds .

========================================================================
Received Import Request.
  Time since last request: 11.016065 seconds.
  path: Assets/_Sprites/Items
  artifactKey: Guid(75537b62033e7604d9437805ae0fe60e) Importer(815301076,1909f56bfc062723c751e8b465ee728b)
Start importing Assets/_Sprites/Items using Guid(75537b62033e7604d9437805ae0fe60e) Importer(815301076,1909f56bfc062723c751e8b465ee728b)  -> (artifact id: '67acd333ab9f17e2def01200c96bf382') in 0.001987 seconds
  Import took 0.017427 seconds .

========================================================================
Received Prepare
Registering precompiled user dll's ...
Registered in 0.001622 seconds.
Begin MonoManager ReloadAssembly
Native extension for WindowsStandalone target not found
Native extension for WebGL target not found
Refreshing native plugins compatible for Editor in 0.55 ms, found 0 plugins.
Preloading 0 native plugins for Editor in 0.00 ms.
Mono: successfully reloaded assembly
- Completed reload, in  0.962 seconds
Platform modules already initialized, skipping
Shader 'Universal Render Pipeline/Particles/Lit': fallback shader 'Universal Render Pipeline/Particles/SimpleLit' not found
Refreshing native plugins compatible for Editor in 0.54 ms, found 0 plugins.
Preloading 0 native plugins for Editor in 0.00 ms.
Unloading 2608 Unused Serialized files (Serialized files now loaded: 0)
System memory in use before: 123.8 MB.
System memory in use after: 123.7 MB.

Unloading 15 unused Assets to reduce memory usage. Loaded Objects now: 3290.
Total: 3.156300 ms (FindLiveObjects: 0.347400 ms CreateObjectMapping: 0.072400 ms MarkObjects: 2.507600 ms  DeleteObjects: 0.227100 ms)

========================================================================
Received Import Request.
  Time since last request: 240.763627 seconds.
  path: Assets/Scriptable Objects Data/ResourceData
  artifactKey: Guid(4837f07cc2a1cee469e6c6571df7e26a) Importer(815301076,1909f56bfc062723c751e8b465ee728b)
Start importing Assets/Scriptable Objects Data/ResourceData using Guid(4837f07cc2a1cee469e6c6571df7e26a) Importer(815301076,1909f56bfc062723c751e8b465ee728b)  -> (artifact id: 'cc173272b11909e8d108d038b07808b0') in 0.010036 seconds
  Import took 0.014732 seconds .

========================================================================
Received Import Request.
  Time since last request: 9.187547 seconds.
  path: Assets/Scriptable Objects Data/ResourceData/AmmoData.asset
  artifactKey: Guid(d698a2790646aac438e2660ae0ff84fc) Importer(815301076,1909f56bfc062723c751e8b465ee728b)
Start importing Assets/Scriptable Objects Data/ResourceData/AmmoData.asset using Guid(d698a2790646aac438e2660ae0ff84fc) Importer(815301076,1909f56bfc062723c751e8b465ee728b)  -> (artifact id: '4daa79d43af19b07bf84dad4433ef9ed') in 0.015685 seconds
  Import took 0.020191 seconds .

========================================================================
Received Import Request.
  Time since last request: 15.212878 seconds.
  path: Assets/Scriptable Objects Data/ResourceData/AmmoData.asset
  artifactKey: Guid(d698a2790646aac438e2660ae0ff84fc) Importer(815301076,1909f56bfc062723c751e8b465ee728b)
Start importing Assets/Scriptable Objects Data/ResourceData/AmmoData.asset using Guid(d698a2790646aac438e2660ae0ff84fc) Importer(815301076,1909f56bfc062723c751e8b465ee728b)  -> (artifact id: '7f1e71bc75fb356bc2b7b1971fdf37c9') in 0.002599 seconds
  Import took 0.007128 seconds .

========================================================================
Received Import Request.
  Time since last request: 0.002049 seconds.
  path: Assets/Scriptable Objects Data/ResourceData/AmmoData.asset
  artifactKey: Guid(d698a2790646aac438e2660ae0ff84fc) Importer(815301076,1909f56bfc062723c751e8b465ee728b)
Start importing Assets/Scriptable Objects Data/ResourceData/AmmoData.asset using Guid(d698a2790646aac438e2660ae0ff84fc) Importer(815301076,1909f56bfc062723c751e8b465ee728b)  -> (artifact id: '7f1e71bc75fb356bc2b7b1971fdf37c9') in 0.002517 seconds
  Import took 0.007444 seconds .

========================================================================
Received Import Request.
  Time since last request: 14.419672 seconds.
  path: Assets/Scriptable Objects Data/ResourceData/HealthData.asset
  artifactKey: Guid(9d40fa657d0f1cf44b12a3e87415d073) Importer(815301076,1909f56bfc062723c751e8b465ee728b)
Start importing Assets/Scriptable Objects Data/ResourceData/HealthData.asset using Guid(9d40fa657d0f1cf44b12a3e87415d073) Importer(815301076,1909f56bfc062723c751e8b465ee728b)  -> (artifact id: 'd2283723762f59fcf7f2ae317663f7a6') in 0.008104 seconds
  Import took 0.012620 seconds .

========================================================================
Received Import Request.
  Time since last request: 10.701091 seconds.
  path: Assets/Scriptable Objects Data/ResourceData/HealthData.asset
  artifactKey: Guid(9d40fa657d0f1cf44b12a3e87415d073) Importer(815301076,1909f56bfc062723c751e8b465ee728b)
Start importing Assets/Scriptable Objects Data/ResourceData/HealthData.asset using Guid(9d40fa657d0f1cf44b12a3e87415d073) Importer(815301076,1909f56bfc062723c751e8b465ee728b)  -> (artifact id: '922695302260fd7f966018eadb40adb2') in 0.005048 seconds
  Import took 0.010570 seconds .

========================================================================
Received Import Request.
  Time since last request: 3.151953 seconds.
  path: Assets/Scriptable Objects Data/ResourceData/HealthData.asset
  artifactKey: Guid(9d40fa657d0f1cf44b12a3e87415d073) Importer(815301076,1909f56bfc062723c751e8b465ee728b)
Start importing Assets/Scriptable Objects Data/ResourceData/HealthData.asset using Guid(9d40fa657d0f1cf44b12a3e87415d073) Importer(815301076,1909f56bfc062723c751e8b465ee728b)  -> (artifact id: '56a9c3e392f58edb44c4f4d6ba85ad69') in 0.002484 seconds
  Import took 0.007354 seconds .

========================================================================
Received Import Request.
  Time since last request: 0.006857 seconds.
  path: Assets/Scriptable Objects Data/ResourceData/HealthData.asset
  artifactKey: Guid(9d40fa657d0f1cf44b12a3e87415d073) Importer(815301076,1909f56bfc062723c751e8b465ee728b)
Start importing Assets/Scriptable Objects Data/ResourceData/HealthData.asset using Guid(9d40fa657d0f1cf44b12a3e87415d073) Importer(815301076,1909f56bfc062723c751e8b465ee728b)  -> (artifact id: '56a9c3e392f58edb44c4f4d6ba85ad69') in 0.002522 seconds
  Import took 0.008054 seconds .

========================================================================
Received Import Request.
  Time since last request: 65.510999 seconds.
  path: Assets/_Sounds/RPG Sound Pack/inventory/armor-light.wav
  artifactKey: Guid(6561845954b5ba14c9ed96ffec42193b) Importer(815301076,1909f56bfc062723c751e8b465ee728b)
Start importing Assets/_Sounds/RPG Sound Pack/inventory/armor-light.wav using Guid(6561845954b5ba14c9ed96ffec42193b) Importer(815301076,1909f56bfc062723c751e8b465ee728b)  -> (artifact id: '6e85e5923e15bbe6dd7aca5ddd3cab4a') in 0.062925 seconds
  Import took 0.067434 seconds .

========================================================================
Received Import Request.
  Time since last request: 0.000224 seconds.
  path: Assets/_Sounds/RPG Sound Pack/inventory/coin3.wav
  artifactKey: Guid(0ea30725e3885334ba37e87d10bdfaa5) Importer(815301076,1909f56bfc062723c751e8b465ee728b)
Start importing Assets/_Sounds/RPG Sound Pack/inventory/coin3.wav using Guid(0ea30725e3885334ba37e87d10bdfaa5) Importer(815301076,1909f56bfc062723c751e8b465ee728b)  -> (artifact id: '22d6e425998b77a37be0c18ce60fbd2f') in 0.020864 seconds
  Import took 0.025738 seconds .

========================================================================
Received Import Request.
  Time since last request: 0.000218 seconds.
  path: Assets/_Sounds/RPG Sound Pack/inventory/metal-small2.wav
  artifactKey: Guid(46605aed6df2f1f4fb5f1abea7f8e1b6) Importer(815301076,1909f56bfc062723c751e8b465ee728b)
Start importing Assets/_Sounds/RPG Sound Pack/inventory/metal-small2.wav using Guid(46605aed6df2f1f4fb5f1abea7f8e1b6) Importer(815301076,1909f56bfc062723c751e8b465ee728b)  -> (artifact id: '21d4a8c36008eb6f55fc8b0598f0de74') in 0.021161 seconds
  Import took 0.025768 seconds .

========================================================================
Received Import Request.
  Time since last request: 0.000255 seconds.
  path: Assets/_Sounds/RPG Sound Pack/inventory/metal-ringing.wav
  artifactKey: Guid(5d658b819f44b4644b25e9268ede2201) Importer(815301076,1909f56bfc062723c751e8b465ee728b)
Start importing Assets/_Sounds/RPG Sound Pack/inventory/metal-ringing.wav using Guid(5d658b819f44b4644b25e9268ede2201) Importer(815301076,1909f56bfc062723c751e8b465ee728b)  -> (artifact id: '3e913a2f42de12f8047f66195c383419') in 0.021660 seconds
  Import took 0.026788 seconds .

========================================================================
Received Import Request.
  Time since last request: 0.000190 seconds.
  path: Assets/_Sounds/RPG Sound Pack/inventory/bubble2.wav
  artifactKey: Guid(0d3a799931e8d95498fe1eefd32a56c6) Importer(815301076,1909f56bfc062723c751e8b465ee728b)
Start importing Assets/_Sounds/RPG Sound Pack/inventory/bubble2.wav using Guid(0d3a799931e8d95498fe1eefd32a56c6) Importer(815301076,1909f56bfc062723c751e8b465ee728b)  -> (artifact id: '212da017afc0d06eb988da8d5d4286da') in 0.018406 seconds
  Import took 0.024343 seconds .

========================================================================
Received Import Request.
  Time since last request: 0.001098 seconds.
  path: Assets/_Sounds/RPG Sound Pack/inventory/bottle.wav
  artifactKey: Guid(909a6adbaacd6a44480dcf215036ce85) Importer(815301076,1909f56bfc062723c751e8b465ee728b)
Start importing Assets/_Sounds/RPG Sound Pack/inventory/bottle.wav using Guid(909a6adbaacd6a44480dcf215036ce85) Importer(815301076,1909f56bfc062723c751e8b465ee728b)  -> (artifact id: '921ae6ae2297b73604be37703a4dcb8a') in 0.013516 seconds
  Import took 0.019122 seconds .

========================================================================
Received Import Request.
  Time since last request: 0.000227 seconds.
  path: Assets/_Sounds/RPG Sound Pack/inventory/cloth-heavy.wav
  artifactKey: Guid(c3aec2c4128e92f4d971797d9c52621e) Importer(815301076,1909f56bfc062723c751e8b465ee728b)
Start importing Assets/_Sounds/RPG Sound Pack/inventory/cloth-heavy.wav using Guid(c3aec2c4128e92f4d971797d9c52621e) Importer(815301076,1909f56bfc062723c751e8b465ee728b)  -> (artifact id: '5874c09017bb70df467d78fa849d9cc9') in 0.019361 seconds
  Import took 0.024267 seconds .

========================================================================
Received Import Request.
  Time since last request: 0.000172 seconds.
  path: Assets/_Sounds/RPG Sound Pack/inventory/metal-small1.wav
  artifactKey: Guid(61794f254950a164a9abdf867695f3a4) Importer(815301076,1909f56bfc062723c751e8b465ee728b)
Start importing Assets/_Sounds/RPG Sound Pack/inventory/metal-small1.wav using Guid(61794f254950a164a9abdf867695f3a4) Importer(815301076,1909f56bfc062723c751e8b465ee728b)  -> (artifact id: '0b3d16ab93547e82429121856beeadfb') in 0.018689 seconds
  Import took 0.024098 seconds .

========================================================================
Received Import Request.
  Time since last request: 0.000168 seconds.
  path: Assets/_Sounds/RPG Sound Pack/inventory/chainmail1.wav
  artifactKey: Guid(e86af768fb457354282f0f8d1d1308cf) Importer(815301076,1909f56bfc062723c751e8b465ee728b)
Start importing Assets/_Sounds/RPG Sound Pack/inventory/chainmail1.wav using Guid(e86af768fb457354282f0f8d1d1308cf) Importer(815301076,1909f56bfc062723c751e8b465ee728b)  -> (artifact id: 'f6d0be508ee1e82a5739cffd26e6b28f') in 0.022960 seconds
  Import took 0.028149 seconds .

========================================================================
Received Import Request.
  Time since last request: 0.000219 seconds.
  path: Assets/_Sounds/RPG Sound Pack/inventory/chainmail2.wav
  artifactKey: Guid(bbea9b8c4303f5940ace4a2f60fb488c) Importer(815301076,1909f56bfc062723c751e8b465ee728b)
Start importing Assets/_Sounds/RPG Sound Pack/inventory/chainmail2.wav using Guid(bbea9b8c4303f5940ace4a2f60fb488c) Importer(815301076,1909f56bfc062723c751e8b465ee728b)  -> (artifact id: '190c782e369992ef4d8062d0d1bba615') in 0.020382 seconds
  Import took 0.025622 seconds .

========================================================================
Received Import Request.
  Time since last request: 0.000171 seconds.
  path: Assets/_Sounds/RPG Sound Pack/inventory/armor-light.wav
  artifactKey: Guid(6561845954b5ba14c9ed96ffec42193b) Importer(815301076,1909f56bfc062723c751e8b465ee728b)
Start importing Assets/_Sounds/RPG Sound Pack/inventory/armor-light.wav using Guid(6561845954b5ba14c9ed96ffec42193b) Importer(815301076,1909f56bfc062723c751e8b465ee728b)  -> (artifact id: '6e85e5923e15bbe6dd7aca5ddd3cab4a') in 0.006805 seconds
  Import took 0.011434 seconds .

========================================================================
Received Import Request.
  Time since last request: 0.000248 seconds.
  path: Assets/_Sounds/RPG Sound Pack/inventory/bubble.wav
  artifactKey: Guid(9f1fdb03d54823e49899fd4bae699c9f) Importer(815301076,1909f56bfc062723c751e8b465ee728b)
Start importing Assets/_Sounds/RPG Sound Pack/inventory/bubble.wav using Guid(9f1fdb03d54823e49899fd4bae699c9f) Importer(815301076,1909f56bfc062723c751e8b465ee728b)  -> (artifact id: 'e3b17062dbf25d5e67c7df0892e11c09') in 0.019134 seconds
  Import took 0.023754 seconds .

========================================================================
Received Import Request.
  Time since last request: 0.000183 seconds.
  path: Assets/_Sounds/RPG Sound Pack/inventory/coin2.wav
  artifactKey: Guid(80575ff534fcd8c4fabacc41338f1795) Importer(815301076,1909f56bfc062723c751e8b465ee728b)
Start importing Assets/_Sounds/RPG Sound Pack/inventory/coin2.wav using Guid(80575ff534fcd8c4fabacc41338f1795) Importer(815301076,1909f56bfc062723c751e8b465ee728b)  -> (artifact id: '8beb9c0000415cd5b17436f43908ce03') in 0.017503 seconds
  Import took 0.022221 seconds .

========================================================================
Received Import Request.
  Time since last request: 0.000217 seconds.
  path: Assets/_Sounds/RPG Sound Pack/inventory/bubble3.wav
  artifactKey: Guid(b9cf8d0a636593e4dac71530e01c8ee6) Importer(815301076,1909f56bfc062723c751e8b465ee728b)
Start importing Assets/_Sounds/RPG Sound Pack/inventory/bubble3.wav using Guid(b9cf8d0a636593e4dac71530e01c8ee6) Importer(815301076,1909f56bfc062723c751e8b465ee728b)  -> (artifact id: '2026241d9eaa39080a1283721cf7460f') in 0.016355 seconds
  Import took 0.020722 seconds .

========================================================================
Received Import Request.
  Time since last request: 0.000186 seconds.
  path: Assets/_Sounds/RPG Sound Pack/inventory/cloth.wav
  artifactKey: Guid(7ba710f6f0b561c4e903e9268aa89a54) Importer(815301076,1909f56bfc062723c751e8b465ee728b)
Start importing Assets/_Sounds/RPG Sound Pack/inventory/cloth.wav using Guid(7ba710f6f0b561c4e903e9268aa89a54) Importer(815301076,1909f56bfc062723c751e8b465ee728b)  -> (artifact id: '442bc2576049c1dbaef4830ac552295d') in 0.018085 seconds
  Import took 0.023418 seconds .

========================================================================
Received Import Request.
  Time since last request: 0.000199 seconds.
  path: Assets/_Sounds/RPG Sound Pack/inventory/metal-small3.wav
  artifactKey: Guid(a4cc80da813690242b678bfbdd4b0593) Importer(815301076,1909f56bfc062723c751e8b465ee728b)
Start importing Assets/_Sounds/RPG Sound Pack/inventory/metal-small3.wav using Guid(a4cc80da813690242b678bfbdd4b0593) Importer(815301076,1909f56bfc062723c751e8b465ee728b)  -> (artifact id: '1192f2caa6a4e8304f6c7e55ef2fdeaf') in 0.018478 seconds
  Import took 0.023019 seconds .

========================================================================
Received Import Request.
  Time since last request: 0.000166 seconds.
  path: Assets/_Sounds/RPG Sound Pack/inventory/wood-small.wav
  artifactKey: Guid(af37d49b4880c3a448c29ce1e6c9c5aa) Importer(815301076,1909f56bfc062723c751e8b465ee728b)
Start importing Assets/_Sounds/RPG Sound Pack/inventory/wood-small.wav using Guid(af37d49b4880c3a448c29ce1e6c9c5aa) Importer(815301076,1909f56bfc062723c751e8b465ee728b)  -> (artifact id: 'f24cb4781f0290bb7b4bf4a2e4707ece') in 0.016338 seconds
  Import took 0.020648 seconds .

========================================================================
Received Import Request.
  Time since last request: 0.000885 seconds.
  path: Assets/_Sounds/RPG Sound Pack/inventory/coin.wav
  artifactKey: Guid(1352f6a91245fb34f88f7c2504969292) Importer(815301076,1909f56bfc062723c751e8b465ee728b)
Start importing Assets/_Sounds/RPG Sound Pack/inventory/coin.wav using Guid(1352f6a91245fb34f88f7c2504969292) Importer(815301076,1909f56bfc062723c751e8b465ee728b)  -> (artifact id: 'a5f0215586ab6ba2430976ab2b4a15cf') in 0.016784 seconds
  Import took 0.021712 seconds .

========================================================================
Received Import Request.
  Time since last request: 0.000180 seconds.
  path: Assets/_Sounds/RPG Sound Pack/inventory/beads.wav
  artifactKey: Guid(381ce093ba649d6409864033c9911f9f) Importer(815301076,1909f56bfc062723c751e8b465ee728b)
Start importing Assets/_Sounds/RPG Sound Pack/inventory/beads.wav using Guid(381ce093ba649d6409864033c9911f9f) Importer(815301076,1909f56bfc062723c751e8b465ee728b)  -> (artifact id: '85d53bcbe53d506f8f264f9783af773c') in 0.019378 seconds
  Import took 0.023888 seconds .

========================================================================
Received Import Request.
  Time since last request: 39.295641 seconds.
  path: Assets/Prefabs/Ammo Pack.prefab
  artifactKey: Guid(070ed1943b3050644bfc04bd20354472) Importer(815301076,1909f56bfc062723c751e8b465ee728b)
Start importing Assets/Prefabs/Ammo Pack.prefab using Guid(070ed1943b3050644bfc04bd20354472) Importer(815301076,1909f56bfc062723c751e8b465ee728b)  -> (artifact id: '87441e6eac73bba6f305efd8f8c6cf2f') in 0.116851 seconds
  Import took 0.121765 seconds .

========================================================================
Received Import Request.
  Time since last request: 1.272452 seconds.
  path: Assets/Prefabs/Health Pack.prefab
  artifactKey: Guid(60c9dbefc7fafbf428f62a4057482d26) Importer(815301076,1909f56bfc062723c751e8b465ee728b)
Start importing Assets/Prefabs/Health Pack.prefab using Guid(60c9dbefc7fafbf428f62a4057482d26) Importer(815301076,1909f56bfc062723c751e8b465ee728b)  -> (artifact id: '2fade4557e45d608ee484e822d0dd4f7') in 0.012060 seconds
  Import took 0.016424 seconds .

========================================================================
Received Import Request.
  Time since last request: 0.011378 seconds.
  path: Assets/Prefabs/Health Pack.prefab
  artifactKey: Guid(60c9dbefc7fafbf428f62a4057482d26) Importer(815301076,1909f56bfc062723c751e8b465ee728b)
Start importing Assets/Prefabs/Health Pack.prefab using Guid(60c9dbefc7fafbf428f62a4057482d26) Importer(815301076,1909f56bfc062723c751e8b465ee728b)  -> (artifact id: '2fade4557e45d608ee484e822d0dd4f7') in 0.007233 seconds
  Import took 0.012013 seconds .

========================================================================
Received Import Request.
  Time since last request: 59.775541 seconds.
  path: Assets/Prefabs/Agent Prefabs
  artifactKey: Guid(f10ca78eec146934bb2e6b96da8685ef) Importer(815301076,1909f56bfc062723c751e8b465ee728b)
Start importing Assets/Prefabs/Agent Prefabs using Guid(f10ca78eec146934bb2e6b96da8685ef) Importer(815301076,1909f56bfc062723c751e8b465ee728b)  -> (artifact id: 'd5b64db04731e3a089f9764bd8cd457e') in 0.005640 seconds
  Import took 0.010132 seconds .

========================================================================
Received Import Request.
  Time since last request: 10.458294 seconds.
  path: Assets/Prefabs/Resource Prefabs
  artifactKey: Guid(3357f3091f5c75a46b7f486e3ae89bf5) Importer(815301076,1909f56bfc062723c751e8b465ee728b)
Start importing Assets/Prefabs/Resource Prefabs using Guid(3357f3091f5c75a46b7f486e3ae89bf5) Importer(815301076,1909f56bfc062723c751e8b465ee728b)  -> (artifact id: 'a931ae428a3257f3d08bfd8684beb616') in 0.006515 seconds
  Import took 0.011194 seconds .

========================================================================
Received Import Request.
  Time since last request: 17.289355 seconds.
  path: Assets/Prefabs/Agent Misc Prefabs
  artifactKey: Guid(328dd1e9208099c448016fa95f0241bd) Importer(815301076,1909f56bfc062723c751e8b465ee728b)
Start importing Assets/Prefabs/Agent Misc Prefabs using Guid(328dd1e9208099c448016fa95f0241bd) Importer(815301076,1909f56bfc062723c751e8b465ee728b)  -> (artifact id: '629bd89151e25fbbbea4d805d09ac89d') in 0.006141 seconds
  Import took 0.010905 seconds .

========================================================================
Received Import Request.
  Time since last request: 15.735482 seconds.
  path: Assets/Prefabs/UI Prefabs
  artifactKey: Guid(aaf0f94318fe3a6439b0ce57c9955abd) Importer(815301076,1909f56bfc062723c751e8b465ee728b)
Start importing Assets/Prefabs/UI Prefabs using Guid(aaf0f94318fe3a6439b0ce57c9955abd) Importer(815301076,1909f56bfc062723c751e8b465ee728b)  -> (artifact id: '2a69dcd2a2a8ec4a49a30bc7e6b289c9') in 0.005892 seconds
  Import took 0.010315 seconds .

========================================================================
Received Import Request.
  Time since last request: 11.544699 seconds.
  path: Assets/Prefabs/World Items Prefabs
  artifactKey: Guid(8e7cd5c97b6df3748b69e5676ae0c257) Importer(815301076,1909f56bfc062723c751e8b465ee728b)
Start importing Assets/Prefabs/World Items Prefabs using Guid(8e7cd5c97b6df3748b69e5676ae0c257) Importer(815301076,1909f56bfc062723c751e8b465ee728b)  -> (artifact id: '020fe7a25f0bb9bce901725a07b5e353') in 0.006156 seconds
  Import took 0.010722 seconds .

========================================================================
Received Import Request.
  Time since last request: 0.000643 seconds.
  path: Assets/Prefabs/World Items Prefabs
  artifactKey: Guid(8e7cd5c97b6df3748b69e5676ae0c257) Importer(815301076,1909f56bfc062723c751e8b465ee728b)
Start importing Assets/Prefabs/World Items Prefabs using Guid(8e7cd5c97b6df3748b69e5676ae0c257) Importer(815301076,1909f56bfc062723c751e8b465ee728b)  -> (artifact id: '020fe7a25f0bb9bce901725a07b5e353') in 0.002093 seconds
  Import took 0.006591 seconds .

========================================================================
Received Prepare
Registering precompiled user dll's ...
Registered in 0.002279 seconds.
Begin MonoManager ReloadAssembly
Native extension for WindowsStandalone target not found
Native extension for WebGL target not found
Refreshing native plugins compatible for Editor in 0.60 ms, found 0 plugins.
Preloading 0 native plugins for Editor in 0.00 ms.
Mono: successfully reloaded assembly
- Completed reload, in  0.999 seconds
Platform modules already initialized, skipping
Shader 'Universal Render Pipeline/Particles/Lit': fallback shader 'Universal Render Pipeline/Particles/SimpleLit' not found
Refreshing native plugins compatible for Editor in 0.55 ms, found 0 plugins.
Preloading 0 native plugins for Editor in 0.00 ms.
Unloading 2609 Unused Serialized files (Serialized files now loaded: 0)
System memory in use before: 124.0 MB.
System memory in use after: 123.9 MB.

Unloading 15 unused Assets to reduce memory usage. Loaded Objects now: 3332.
Total: 5.284700 ms (FindLiveObjects: 0.682100 ms CreateObjectMapping: 0.178000 ms MarkObjects: 4.178600 ms  DeleteObjects: 0.244400 ms)

========================================================================
Received Import Request.
  Time since last request: 30.057630 seconds.
  path: Assets/Scripts/Items/ItemDropper.cs
  artifactKey: Guid(5696030392cdd6641bf6975390718855) Importer(815301076,1909f56bfc062723c751e8b465ee728b)
Start importing Assets/Scripts/Items/ItemDropper.cs using Guid(5696030392cdd6641bf6975390718855) Importer(815301076,1909f56bfc062723c751e8b465ee728b)  -> (artifact id: 'b94cfef208212b94ee20f2627e75576b') in 0.020113 seconds
  Import took 0.025615 seconds .

========================================================================
Received Prepare
Registering precompiled user dll's ...
Registered in 0.002001 seconds.
Begin MonoManager ReloadAssembly
Native extension for WindowsStandalone target not found
Native extension for WebGL target not found
Refreshing native plugins compatible for Editor in 0.58 ms, found 0 plugins.
Preloading 0 native plugins for Editor in 0.00 ms.
Mono: successfully reloaded assembly
- Completed reload, in  1.099 seconds
Platform modules already initialized, skipping
Shader 'Universal Render Pipeline/Particles/Lit': fallback shader 'Universal Render Pipeline/Particles/SimpleLit' not found
Refreshing native plugins compatible for Editor in 1.03 ms, found 0 plugins.
Preloading 0 native plugins for Editor in 0.00 ms.
Unloading 2609 Unused Serialized files (Serialized files now loaded: 0)
System memory in use before: 124.0 MB.
System memory in use after: 123.9 MB.

Unloading 15 unused Assets to reduce memory usage. Loaded Objects now: 3335.
Total: 4.460600 ms (FindLiveObjects: 0.566600 ms CreateObjectMapping: 0.100300 ms MarkObjects: 3.472700 ms  DeleteObjects: 0.318600 ms)

========================================================================
Received Import Request.
  Time since last request: 29.883720 seconds.
  path: Assets/Scripts/Items/ItemDropper.cs
  artifactKey: Guid(5696030392cdd6641bf6975390718855) Importer(815301076,1909f56bfc062723c751e8b465ee728b)
Start importing Assets/Scripts/Items/ItemDropper.cs using Guid(5696030392cdd6641bf6975390718855) Importer(815301076,1909f56bfc062723c751e8b465ee728b)  -> (artifact id: '4e8be2b76c745e522ee8bd31e86f82f2') in 0.008369 seconds
  Import took 0.015697 seconds .

========================================================================
Received Prepare
Registering precompiled user dll's ...
Registered in 0.001616 seconds.
Begin MonoManager ReloadAssembly
Native extension for WindowsStandalone target not found
Native extension for WebGL target not found
Refreshing native plugins compatible for Editor in 0.59 ms, found 0 plugins.
Preloading 0 native plugins for Editor in 0.00 ms.
Mono: successfully reloaded assembly
- Completed reload, in  0.890 seconds
Platform modules already initialized, skipping
Shader 'Universal Render Pipeline/Particles/Lit': fallback shader 'Universal Render Pipeline/Particles/SimpleLit' not found
Refreshing native plugins compatible for Editor in 0.67 ms, found 0 plugins.
Preloading 0 native plugins for Editor in 0.00 ms.
Unloading 2609 Unused Serialized files (Serialized files now loaded: 0)
System memory in use before: 124.0 MB.
System memory in use after: 123.9 MB.

Unloading 15 unused Assets to reduce memory usage. Loaded Objects now: 3338.
Total: 5.024200 ms (FindLiveObjects: 0.554300 ms CreateObjectMapping: 0.106100 ms MarkObjects: 4.070700 ms  DeleteObjects: 0.290500 ms)

========================================================================
Received Import Request.
  Time since last request: 245.336561 seconds.
  path: Assets/Scripts/Items/ItemDropper.cs
  artifactKey: Guid(5696030392cdd6641bf6975390718855) Importer(815301076,1909f56bfc062723c751e8b465ee728b)
Start importing Assets/Scripts/Items/ItemDropper.cs using Guid(5696030392cdd6641bf6975390718855) Importer(815301076,1909f56bfc062723c751e8b465ee728b)  -> (artifact id: '6203668538b8417dacde43c66d0afc82') in 0.005978 seconds
  Import took 0.010852 seconds .

========================================================================
Received Prepare
Registering precompiled user dll's ...
Registered in 0.001560 seconds.
Begin MonoManager ReloadAssembly
Native extension for WindowsStandalone target not found
Native extension for WebGL target not found
Refreshing native plugins compatible for Editor in 0.82 ms, found 0 plugins.
Preloading 0 native plugins for Editor in 0.00 ms.
Mono: successfully reloaded assembly
- Completed reload, in  0.898 seconds
Platform modules already initialized, skipping
Shader 'Universal Render Pipeline/Particles/Lit': fallback shader 'Universal Render Pipeline/Particles/SimpleLit' not found
Refreshing native plugins compatible for Editor in 0.57 ms, found 0 plugins.
Preloading 0 native plugins for Editor in 0.00 ms.
Unloading 2609 Unused Serialized files (Serialized files now loaded: 0)
System memory in use before: 124.0 MB.
System memory in use after: 123.9 MB.

Unloading 15 unused Assets to reduce memory usage. Loaded Objects now: 3341.
Total: 3.747000 ms (FindLiveObjects: 0.595200 ms CreateObjectMapping: 0.093600 ms MarkObjects: 2.784800 ms  DeleteObjects: 0.271600 ms)

========================================================================
Received Import Request.
  Time since last request: 611.033512 seconds.
  path: Assets/Scripts/Items/ItemDropper.cs
  artifactKey: Guid(5696030392cdd6641bf6975390718855) Importer(815301076,1909f56bfc062723c751e8b465ee728b)
Start importing Assets/Scripts/Items/ItemDropper.cs using Guid(5696030392cdd6641bf6975390718855) Importer(815301076,1909f56bfc062723c751e8b465ee728b)  -> (artifact id: 'ae5e3ad5bb2d506ac459248c124434a0') in 0.005572 seconds
  Import took 0.010065 seconds .

========================================================================
Received Import Request.
  Time since last request: 510.973595 seconds.
  path: ProjectSettings/TagManager.asset
  artifactKey: Guid(00000000000000003000000000000000) Importer(815301076,1909f56bfc062723c751e8b465ee728b)
Start importing ProjectSettings/TagManager.asset using Guid(00000000000000003000000000000000) Importer(815301076,1909f56bfc062723c751e8b465ee728b)  -> (artifact id: 'c2213f95a01333667e8501dd2f7a90e0') in 0.016088 seconds
  Import took 0.021060 seconds .

========================================================================
Received Import Request.
  Time since last request: 10.647497 seconds.
  path: Assets/Prefabs/Resource Prefabs/Health Pack.prefab
  artifactKey: Guid(60c9dbefc7fafbf428f62a4057482d26) Importer(815301076,1909f56bfc062723c751e8b465ee728b)
Start importing Assets/Prefabs/Resource Prefabs/Health Pack.prefab using Guid(60c9dbefc7fafbf428f62a4057482d26) Importer(815301076,1909f56bfc062723c751e8b465ee728b)  -> (artifact id: '4f3405a356d9a2e342976c809833a81b') in 0.146104 seconds
  Import took 0.151393 seconds .

========================================================================
Received Import Request.
  Time since last request: 2.813437 seconds.
  path: Assets/Prefabs/Resource Prefabs/Ammo Pack.prefab
  artifactKey: Guid(070ed1943b3050644bfc04bd20354472) Importer(815301076,1909f56bfc062723c751e8b465ee728b)
Start importing Assets/Prefabs/Resource Prefabs/Ammo Pack.prefab using Guid(070ed1943b3050644bfc04bd20354472) Importer(815301076,1909f56bfc062723c751e8b465ee728b)  -> (artifact id: '40f2fd5be05536f9be13c84f9d9577d6') in 0.007886 seconds
  Import took 0.013248 seconds .

========================================================================
Received Import Request.
  Time since last request: 0.008359 seconds.
  path: Assets/Prefabs/Resource Prefabs/Ammo Pack.prefab
  artifactKey: Guid(070ed1943b3050644bfc04bd20354472) Importer(815301076,1909f56bfc062723c751e8b465ee728b)
Start importing Assets/Prefabs/Resource Prefabs/Ammo Pack.prefab using Guid(070ed1943b3050644bfc04bd20354472) Importer(815301076,1909f56bfc062723c751e8b465ee728b)  -> (artifact id: '40f2fd5be05536f9be13c84f9d9577d6') in 0.011928 seconds
  Import took 0.016681 seconds .

========================================================================
Received Import Request.
  Time since last request: 171.388974 seconds.
  path: Assets/Prefabs/Resource Prefabs/Ammo Pack.prefab
  artifactKey: Guid(070ed1943b3050644bfc04bd20354472) Importer(815301076,1909f56bfc062723c751e8b465ee728b)
Start importing Assets/Prefabs/Resource Prefabs/Ammo Pack.prefab using Guid(070ed1943b3050644bfc04bd20354472) Importer(815301076,1909f56bfc062723c751e8b465ee728b)  -> (artifact id: '206cd9bf6772dc1e6ff89efd40ef6beb') in 0.008613 seconds
  Import took 0.013415 seconds .

========================================================================
Received Import Request.
  Time since last request: 0.006468 seconds.
  path: Assets/Prefabs/Resource Prefabs/Ammo Pack.prefab
  artifactKey: Guid(070ed1943b3050644bfc04bd20354472) Importer(815301076,1909f56bfc062723c751e8b465ee728b)
Start importing Assets/Prefabs/Resource Prefabs/Ammo Pack.prefab using Guid(070ed1943b3050644bfc04bd20354472) Importer(815301076,1909f56bfc062723c751e8b465ee728b)  -> (artifact id: '206cd9bf6772dc1e6ff89efd40ef6beb') in 0.009481 seconds
  Import took 0.013905 seconds .

========================================================================
Received Prepare
Registering precompiled user dll's ...
Registered in 0.001520 seconds.
Begin MonoManager ReloadAssembly
Native extension for WindowsStandalone target not found
Native extension for WebGL target not found
Refreshing native plugins compatible for Editor in 0.56 ms, found 0 plugins.
Preloading 0 native plugins for Editor in 0.00 ms.
Mono: successfully reloaded assembly
- Completed reload, in  0.824 seconds
Platform modules already initialized, skipping
Shader 'Universal Render Pipeline/Particles/Lit': fallback shader 'Universal Render Pipeline/Particles/SimpleLit' not found
Refreshing native plugins compatible for Editor in 0.55 ms, found 0 plugins.
Preloading 0 native plugins for Editor in 0.00 ms.
Unloading 2609 Unused Serialized files (Serialized files now loaded: 0)
System memory in use before: 124.2 MB.
System memory in use after: 124.2 MB.

Unloading 16 unused Assets to reduce memory usage. Loaded Objects now: 3380.
Total: 2.867100 ms (FindLiveObjects: 0.356400 ms CreateObjectMapping: 0.073000 ms MarkObjects: 2.241300 ms  DeleteObjects: 0.195300 ms)

========================================================================
Received Import Request.
  Time since last request: 393.896834 seconds.
  path: Assets/Prefabs/Agent Prefabs/Enemy Zombie.prefab
  artifactKey: Guid(51f4f0cd05877e4409e43268dadc54e3) Importer(815301076,1909f56bfc062723c751e8b465ee728b)
Start importing Assets/Prefabs/Agent Prefabs/Enemy Zombie.prefab using Guid(51f4f0cd05877e4409e43268dadc54e3) Importer(815301076,1909f56bfc062723c751e8b465ee728b)  -> (artifact id: '5a5c5f7d66d45c122f0839dd7a662d5d') in 0.241471 seconds
  Import took 0.248048 seconds .

========================================================================
Received Import Request.
  Time since last request: 4.012302 seconds.
  path: Assets/Prefabs/Resource Prefabs/Health Pack.prefab
  artifactKey: Guid(60c9dbefc7fafbf428f62a4057482d26) Importer(815301076,1909f56bfc062723c751e8b465ee728b)
Start importing Assets/Prefabs/Resource Prefabs/Health Pack.prefab using Guid(60c9dbefc7fafbf428f62a4057482d26) Importer(815301076,1909f56bfc062723c751e8b465ee728b)  -> (artifact id: 'a9913a0ecec104675bfdbae93ab060de') in 0.012116 seconds
  Import took 0.016692 seconds .

========================================================================
Received Import Request.
  Time since last request: 0.004417 seconds.
  path: Assets/Prefabs/Resource Prefabs/Health Pack.prefab
  artifactKey: Guid(60c9dbefc7fafbf428f62a4057482d26) Importer(815301076,1909f56bfc062723c751e8b465ee728b)
Start importing Assets/Prefabs/Resource Prefabs/Health Pack.prefab using Guid(60c9dbefc7fafbf428f62a4057482d26) Importer(815301076,1909f56bfc062723c751e8b465ee728b)  -> (artifact id: 'a9913a0ecec104675bfdbae93ab060de') in 0.007534 seconds
  Import took 0.012069 seconds .

========================================================================
Received Import Request.
  Time since last request: 164.310703 seconds.
  path: Assets/Prefabs/Resource Prefabs/Ammo Pack.prefab
  artifactKey: Guid(070ed1943b3050644bfc04bd20354472) Importer(815301076,1909f56bfc062723c751e8b465ee728b)
Start importing Assets/Prefabs/Resource Prefabs/Ammo Pack.prefab using Guid(070ed1943b3050644bfc04bd20354472) Importer(815301076,1909f56bfc062723c751e8b465ee728b)  -> (artifact id: '6842e73af422bd82c71d5dbf4a8663a9') in 0.007489 seconds
  Import took 0.012109 seconds .

========================================================================
Received Import Request.
  Time since last request: 5.702487 seconds.
  path: Assets/Prefabs/Resource Prefabs/Ammo Pack.prefab
  artifactKey: Guid(070ed1943b3050644bfc04bd20354472) Importer(815301076,1909f56bfc062723c751e8b465ee728b)
Start importing Assets/Prefabs/Resource Prefabs/Ammo Pack.prefab using Guid(070ed1943b3050644bfc04bd20354472) Importer(815301076,1909f56bfc062723c751e8b465ee728b)  -> (artifact id: '45d33a1f3dfbda019b127b5b82dd435a') in 0.007018 seconds
  Import took 0.011756 seconds .

========================================================================
Received Import Request.
  Time since last request: 1.217732 seconds.
  path: Assets/Prefabs/Resource Prefabs/Ammo Pack.prefab
  artifactKey: Guid(070ed1943b3050644bfc04bd20354472) Importer(815301076,1909f56bfc062723c751e8b465ee728b)
Start importing Assets/Prefabs/Resource Prefabs/Ammo Pack.prefab using Guid(070ed1943b3050644bfc04bd20354472) Importer(815301076,1909f56bfc062723c751e8b465ee728b)  -> (artifact id: '2cb5d7c9a403a7d0d44aec8dca3251da') in 0.007377 seconds
  Import took 0.012287 seconds .

========================================================================
Received Import Request.
  Time since last request: 11.517755 seconds.
  path: Assets/Prefabs/Resource Prefabs/Health Pack.prefab
  artifactKey: Guid(60c9dbefc7fafbf428f62a4057482d26) Importer(815301076,1909f56bfc062723c751e8b465ee728b)
Start importing Assets/Prefabs/Resource Prefabs/Health Pack.prefab using Guid(60c9dbefc7fafbf428f62a4057482d26) Importer(815301076,1909f56bfc062723c751e8b465ee728b)  -> (artifact id: '78775db9ac100cf02047ea875f350f0b') in 0.006730 seconds
  Import took 0.011265 seconds .

========================================================================
Received Import Request.
  Time since last request: 2.349170 seconds.
  path: Assets/Prefabs/Resource Prefabs/Health Pack.prefab
  artifactKey: Guid(60c9dbefc7fafbf428f62a4057482d26) Importer(815301076,1909f56bfc062723c751e8b465ee728b)
Start importing Assets/Prefabs/Resource Prefabs/Health Pack.prefab using Guid(60c9dbefc7fafbf428f62a4057482d26) Importer(815301076,1909f56bfc062723c751e8b465ee728b)  -> (artifact id: '3abedb63c47813b80f33db35637d7cbe') in 0.007846 seconds
  Import took 0.013387 seconds .

========================================================================
Received Import Request.
  Time since last request: 14.245451 seconds.
  path: Assets/Prefabs/Resource Prefabs/Health Pack.prefab
  artifactKey: Guid(60c9dbefc7fafbf428f62a4057482d26) Importer(815301076,1909f56bfc062723c751e8b465ee728b)
Start importing Assets/Prefabs/Resource Prefabs/Health Pack.prefab using Guid(60c9dbefc7fafbf428f62a4057482d26) Importer(815301076,1909f56bfc062723c751e8b465ee728b)  -> (artifact id: 'cf46ae758e46b077310039da7ac02452') in 0.008098 seconds
  Import took 0.012698 seconds .

========================================================================
Received Import Request.
  Time since last request: 1.593807 seconds.
  path: Assets/Prefabs/Resource Prefabs/Health Pack.prefab
  artifactKey: Guid(60c9dbefc7fafbf428f62a4057482d26) Importer(815301076,1909f56bfc062723c751e8b465ee728b)
Start importing Assets/Prefabs/Resource Prefabs/Health Pack.prefab using Guid(60c9dbefc7fafbf428f62a4057482d26) Importer(815301076,1909f56bfc062723c751e8b465ee728b)  -> (artifact id: 'c2271816f4d5c048d8d7d3b4671c8a43') in 0.009854 seconds
  Import took 0.014541 seconds .

========================================================================
Received Import Request.
  Time since last request: 1.095733 seconds.
  path: Assets/Prefabs/Resource Prefabs/Health Pack.prefab
  artifactKey: Guid(60c9dbefc7fafbf428f62a4057482d26) Importer(815301076,1909f56bfc062723c751e8b465ee728b)
Start importing Assets/Prefabs/Resource Prefabs/Health Pack.prefab using Guid(60c9dbefc7fafbf428f62a4057482d26) Importer(815301076,1909f56bfc062723c751e8b465ee728b)  -> (artifact id: '530498e8f1681ab03b0cf6e1a98d0931') in 0.008793 seconds
  Import took 0.013233 seconds .

========================================================================
Received Import Request.
  Time since last request: 4.582818 seconds.
  path: Assets/Prefabs/Resource Prefabs/Ammo Pack.prefab
  artifactKey: Guid(070ed1943b3050644bfc04bd20354472) Importer(815301076,1909f56bfc062723c751e8b465ee728b)
Start importing Assets/Prefabs/Resource Prefabs/Ammo Pack.prefab using Guid(070ed1943b3050644bfc04bd20354472) Importer(815301076,1909f56bfc062723c751e8b465ee728b)  -> (artifact id: 'b5aa982d6daabf09e9e3fcfa2ffb27a4') in 0.011374 seconds
  Import took 0.016158 seconds .

========================================================================
Received Import Request.
  Time since last request: 1.247758 seconds.
  path: Assets/Prefabs/Resource Prefabs/Ammo Pack.prefab
  artifactKey: Guid(070ed1943b3050644bfc04bd20354472) Importer(815301076,1909f56bfc062723c751e8b465ee728b)
Start importing Assets/Prefabs/Resource Prefabs/Ammo Pack.prefab using Guid(070ed1943b3050644bfc04bd20354472) Importer(815301076,1909f56bfc062723c751e8b465ee728b)  -> (artifact id: 'bc16239e072a32e50bb7b88cfd1cdc81') in 0.011884 seconds
  Import took 0.016366 seconds .

========================================================================
Received Import Request.
  Time since last request: 1.360709 seconds.
  path: Assets/Prefabs/Resource Prefabs/Ammo Pack.prefab
  artifactKey: Guid(070ed1943b3050644bfc04bd20354472) Importer(815301076,1909f56bfc062723c751e8b465ee728b)
Start importing Assets/Prefabs/Resource Prefabs/Ammo Pack.prefab using Guid(070ed1943b3050644bfc04bd20354472) Importer(815301076,1909f56bfc062723c751e8b465ee728b)  -> (artifact id: '48bf90195b8a616de2e0ffd549d0564e') in 0.010142 seconds
  Import took 0.014854 seconds .

========================================================================
Received Import Request.
  Time since last request: 18.416507 seconds.
  path: Assets/Prefabs/Resource Prefabs/Ammo Pack.prefab
  artifactKey: Guid(070ed1943b3050644bfc04bd20354472) Importer(815301076,1909f56bfc062723c751e8b465ee728b)
Start importing Assets/Prefabs/Resource Prefabs/Ammo Pack.prefab using Guid(070ed1943b3050644bfc04bd20354472) Importer(815301076,1909f56bfc062723c751e8b465ee728b)  -> (artifact id: 'a1ac0d655be63a282942047c096b93fa') in 0.006649 seconds
  Import took 0.011440 seconds .

========================================================================
Received Import Request.
  Time since last request: 5.360115 seconds.
  path: Assets/Prefabs/Resource Prefabs/Health Pack.prefab
  artifactKey: Guid(60c9dbefc7fafbf428f62a4057482d26) Importer(815301076,1909f56bfc062723c751e8b465ee728b)
Start importing Assets/Prefabs/Resource Prefabs/Health Pack.prefab using Guid(60c9dbefc7fafbf428f62a4057482d26) Importer(815301076,1909f56bfc062723c751e8b465ee728b)  -> (artifact id: '42b64ba876690fbd04502b5eb4408230') in 0.007497 seconds
  Import took 0.012564 seconds .

========================================================================
Received Prepare
Registering precompiled user dll's ...
Registered in 0.001542 seconds.
Begin MonoManager ReloadAssembly
Native extension for WindowsStandalone target not found
Native extension for WebGL target not found
Refreshing native plugins compatible for Editor in 0.55 ms, found 0 plugins.
Preloading 0 native plugins for Editor in 0.00 ms.
Mono: successfully reloaded assembly
- Completed reload, in  0.813 seconds
Platform modules already initialized, skipping
Shader 'Universal Render Pipeline/Particles/Lit': fallback shader 'Universal Render Pipeline/Particles/SimpleLit' not found
Refreshing native plugins compatible for Editor in 0.58 ms, found 0 plugins.
Preloading 0 native plugins for Editor in 0.00 ms.
Unloading 2609 Unused Serialized files (Serialized files now loaded: 0)
System memory in use before: 122.5 MB.
System memory in use after: 122.4 MB.

Unloading 15 unused Assets to reduce memory usage. Loaded Objects now: 3419.
Total: 2.827700 ms (FindLiveObjects: 0.405800 ms CreateObjectMapping: 0.075000 ms MarkObjects: 2.171700 ms  DeleteObjects: 0.173900 ms)

========================================================================
Received Prepare
Shader 'Universal Render Pipeline/Particles/Lit': fallback shader 'Universal Render Pipeline/Particles/SimpleLit' not found
Refreshing native plugins compatible for Editor in 1.69 ms, found 0 plugins.
Preloading 0 native plugins for Editor in 0.00 ms.
Unloading 12 Unused Serialized files (Serialized files now loaded: 0)
System memory in use before: 71.1 MB.
System memory in use after: 71.1 MB.

Unloading 12 unused Assets to reduce memory usage. Loaded Objects now: 3419.
Total: 4.206600 ms (FindLiveObjects: 0.609000 ms CreateObjectMapping: 0.123100 ms MarkObjects: 3.173400 ms  DeleteObjects: 0.299900 ms)

========================================================================
Received Prepare
Shader 'Universal Render Pipeline/Particles/Lit': fallback shader 'Universal Render Pipeline/Particles/SimpleLit' not found
Refreshing native plugins compatible for Editor in 1.36 ms, found 0 plugins.
Preloading 0 native plugins for Editor in 0.00 ms.
Unloading 12 Unused Serialized files (Serialized files now loaded: 0)
System memory in use before: 71.1 MB.
System memory in use after: 71.1 MB.

Unloading 12 unused Assets to reduce memory usage. Loaded Objects now: 3419.
Total: 2.633800 ms (FindLiveObjects: 0.403000 ms CreateObjectMapping: 0.071800 ms MarkObjects: 1.979600 ms  DeleteObjects: 0.178400 ms)

========================================================================
Received Prepare
Registering precompiled user dll's ...
Registered in 0.001629 seconds.
Begin MonoManager ReloadAssembly
Native extension for WindowsStandalone target not found
Native extension for WebGL target not found
Refreshing native plugins compatible for Editor in 0.55 ms, found 0 plugins.
Preloading 0 native plugins for Editor in 0.00 ms.
Mono: successfully reloaded assembly
- Completed reload, in  0.875 seconds
Platform modules already initialized, skipping
Shader 'Universal Render Pipeline/Particles/Lit': fallback shader 'Universal Render Pipeline/Particles/SimpleLit' not found
Refreshing native plugins compatible for Editor in 0.59 ms, found 0 plugins.
Preloading 0 native plugins for Editor in 0.00 ms.
Unloading 2609 Unused Serialized files (Serialized files now loaded: 0)
System memory in use before: 122.9 MB.
System memory in use after: 122.8 MB.

Unloading 15 unused Assets to reduce memory usage. Loaded Objects now: 3422.
Total: 3.128800 ms (FindLiveObjects: 0.556200 ms CreateObjectMapping: 0.072300 ms MarkObjects: 2.299200 ms  DeleteObjects: 0.199100 ms)

========================================================================
Received Prepare
Registering precompiled user dll's ...
Registered in 0.001528 seconds.
Begin MonoManager ReloadAssembly
Native extension for WindowsStandalone target not found
Native extension for WebGL target not found
Refreshing native plugins compatible for Editor in 0.56 ms, found 0 plugins.
Preloading 0 native plugins for Editor in 0.00 ms.
Mono: successfully reloaded assembly
- Completed reload, in  0.823 seconds
Platform modules already initialized, skipping
Shader 'Universal Render Pipeline/Particles/Lit': fallback shader 'Universal Render Pipeline/Particles/SimpleLit' not found
Refreshing native plugins compatible for Editor in 0.55 ms, found 0 plugins.
Preloading 0 native plugins for Editor in 0.00 ms.
Unloading 2609 Unused Serialized files (Serialized files now loaded: 0)
System memory in use before: 122.9 MB.
System memory in use after: 122.8 MB.

Unloading 15 unused Assets to reduce memory usage. Loaded Objects now: 3425.
Total: 2.981400 ms (FindLiveObjects: 0.405600 ms CreateObjectMapping: 0.082600 ms MarkObjects: 2.316200 ms  DeleteObjects: 0.175200 ms)

========================================================================
Received Prepare
Shader 'Universal Render Pipeline/Particles/Lit': fallback shader 'Universal Render Pipeline/Particles/SimpleLit' not found
Refreshing native plugins compatible for Editor in 1.84 ms, found 0 plugins.
Preloading 0 native plugins for Editor in 0.00 ms.
Unloading 12 Unused Serialized files (Serialized files now loaded: 0)
System memory in use before: 71.5 MB.
System memory in use after: 71.4 MB.

Unloading 12 unused Assets to reduce memory usage. Loaded Objects now: 3425.
Total: 3.041400 ms (FindLiveObjects: 0.644600 ms CreateObjectMapping: 0.109100 ms MarkObjects: 2.087700 ms  DeleteObjects: 0.199100 ms)

========================================================================
Received Prepare
Shader 'Universal Render Pipeline/Particles/Lit': fallback shader 'Universal Render Pipeline/Particles/SimpleLit' not found
Refreshing native plugins compatible for Editor in 1.25 ms, found 0 plugins.
Preloading 0 native plugins for Editor in 0.00 ms.
Unloading 12 Unused Serialized files (Serialized files now loaded: 0)
System memory in use before: 71.5 MB.
System memory in use after: 71.4 MB.

Unloading 12 unused Assets to reduce memory usage. Loaded Objects now: 3425.
Total: 3.368400 ms (FindLiveObjects: 0.549100 ms CreateObjectMapping: 0.072900 ms MarkObjects: 2.548300 ms  DeleteObjects: 0.196700 ms)

========================================================================
Received Prepare
Shader 'Universal Render Pipeline/Particles/Lit': fallback shader 'Universal Render Pipeline/Particles/SimpleLit' not found
Refreshing native plugins compatible for Editor in 1.25 ms, found 0 plugins.
Preloading 0 native plugins for Editor in 0.00 ms.
Unloading 12 Unused Serialized files (Serialized files now loaded: 0)
System memory in use before: 71.5 MB.
System memory in use after: 71.4 MB.

Unloading 12 unused Assets to reduce memory usage. Loaded Objects now: 3425.
Total: 2.942800 ms (FindLiveObjects: 0.418000 ms CreateObjectMapping: 0.087100 ms MarkObjects: 2.250600 ms  DeleteObjects: 0.185700 ms)

========================================================================
Received Prepare
Shader 'Universal Render Pipeline/Particles/Lit': fallback shader 'Universal Render Pipeline/Particles/SimpleLit' not found
Refreshing native plugins compatible for Editor in 1.22 ms, found 0 plugins.
Preloading 0 native plugins for Editor in 0.00 ms.
Unloading 12 Unused Serialized files (Serialized files now loaded: 0)
System memory in use before: 71.5 MB.
System memory in use after: 71.4 MB.

Unloading 12 unused Assets to reduce memory usage. Loaded Objects now: 3425.
Total: 3.042600 ms (FindLiveObjects: 0.483800 ms CreateObjectMapping: 0.098700 ms MarkObjects: 2.267700 ms  DeleteObjects: 0.191200 ms)

========================================================================
Received Import Request.
  Time since last request: 1953.712840 seconds.
  path: Assets/_Sounds/_female_death.wav
  artifactKey: Guid(3ff15984e40701f42a3f4ff616b32633) Importer(815301076,1909f56bfc062723c751e8b465ee728b)
Start importing Assets/_Sounds/_female_death.wav using Guid(3ff15984e40701f42a3f4ff616b32633) Importer(815301076,1909f56bfc062723c751e8b465ee728b)  -> (artifact id: '61494ff58af1ea31031daff59d05e9a6') in 0.052069 seconds
  Import took 0.056792 seconds .

========================================================================
Received Import Request.
  Time since last request: 0.000189 seconds.
  path: Assets/_Sounds/impact_ricochet.wav
  artifactKey: Guid(87a75afcd79fd8a48ae48699a24c6d9f) Importer(815301076,1909f56bfc062723c751e8b465ee728b)
Start importing Assets/_Sounds/impact_ricochet.wav using Guid(87a75afcd79fd8a48ae48699a24c6d9f) Importer(815301076,1909f56bfc062723c751e8b465ee728b)  -> (artifact id: 'a1a337d59ee060a9f6089b686a5ca2c3') in 0.010623 seconds
  Import took 0.015064 seconds .

========================================================================
Received Import Request.
  Time since last request: 0.000323 seconds.
  path: Assets/_Sounds/impact_03.wav
  artifactKey: Guid(739174ccbca42d34c88579866c1e36aa) Importer(815301076,1909f56bfc062723c751e8b465ee728b)
Start importing Assets/_Sounds/impact_03.wav using Guid(739174ccbca42d34c88579866c1e36aa) Importer(815301076,1909f56bfc062723c751e8b465ee728b)  -> (artifact id: '4bed4ad0595bb5c87499d39a95017aae') in 0.019387 seconds
  Import took 0.023679 seconds .

========================================================================
Received Import Request.
  Time since last request: 0.000213 seconds.
  path: Assets/_Sounds/impact-2.ogg
  artifactKey: Guid(43f1cc10bd759b54bbe3a79401d0ceab) Importer(815301076,1909f56bfc062723c751e8b465ee728b)
Start importing Assets/_Sounds/impact-2.ogg using Guid(43f1cc10bd759b54bbe3a79401d0ceab) Importer(815301076,1909f56bfc062723c751e8b465ee728b)  -> (artifact id: '6398216ed2f9d322798c0dbdbffce56a') in 0.014821 seconds
  Import took 0.019851 seconds .

========================================================================
Received Import Request.
  Time since last request: 0.000200 seconds.
  path: Assets/_Sounds/_female_hit.wav
  artifactKey: Guid(37979b6fab22f174f8002cbe7d9fb78d) Importer(815301076,1909f56bfc062723c751e8b465ee728b)
Start importing Assets/_Sounds/_female_hit.wav using Guid(37979b6fab22f174f8002cbe7d9fb78d) Importer(815301076,1909f56bfc062723c751e8b465ee728b)  -> (artifact id: '4d1fdf7bfaca61e75d6c531382722b14') in 0.011116 seconds
  Import took 0.015697 seconds .

========================================================================
Received Import Request.
  Time since last request: 0.000221 seconds.
  path: Assets/_Sounds/step_01.wav
  artifactKey: Guid(69d2370c3670d84488bb4dbb1b3ecaba) Importer(815301076,1909f56bfc062723c751e8b465ee728b)
Start importing Assets/_Sounds/step_01.wav using Guid(69d2370c3670d84488bb4dbb1b3ecaba) Importer(815301076,1909f56bfc062723c751e8b465ee728b)  -> (artifact id: '0578b4d835544ae960ae582f3a0676bb') in 0.018283 seconds
  Import took 0.022557 seconds .

========================================================================
Received Import Request.
  Time since last request: 0.000179 seconds.
  path: Assets/_Sounds/impact-1.wav
  artifactKey: Guid(7d765f2a7ff77d34b9041393079ed52b) Importer(815301076,1909f56bfc062723c751e8b465ee728b)
Start importing Assets/_Sounds/impact-1.wav using Guid(7d765f2a7ff77d34b9041393079ed52b) Importer(815301076,1909f56bfc062723c751e8b465ee728b)  -> (artifact id: '513d658f7252b0fed72205a954b56eb8') in 0.011720 seconds
  Import took 0.015982 seconds .

========================================================================
Received Import Request.
  Time since last request: 2.605033 seconds.
  path: Assets/_Sprites/0x72_16x16DungeonTileset_walls.v2.png
  artifactKey: Guid(30cd0375a6f711c4887d9d8157caa55f) Importer(815301076,1909f56bfc062723c751e8b465ee728b)
Start importing Assets/_Sprites/0x72_16x16DungeonTileset_walls.v2.png using Guid(30cd0375a6f711c4887d9d8157caa55f) Importer(815301076,1909f56bfc062723c751e8b465ee728b)  -> (artifact id: '18a25509011a25e884de5a2caf7568d3') in 0.053323 seconds
  Import took 0.058028 seconds .

========================================================================
Received Import Request.
  Time since last request: 0.000202 seconds.
  path: Assets/_Sprites/_sprites_props_and_UI.png
  artifactKey: Guid(d5d203f91e7c5934497686e4ea8c4fc6) Importer(815301076,1909f56bfc062723c751e8b465ee728b)
Start importing Assets/_Sprites/_sprites_props_and_UI.png using Guid(d5d203f91e7c5934497686e4ea8c4fc6) Importer(815301076,1909f56bfc062723c751e8b465ee728b)  -> (artifact id: '99508e1b040dfd681f38c6342cde9a71') in 0.052524 seconds
  Import took 0.067448 seconds .

========================================================================
Received Import Request.
  Time since last request: 0.000189 seconds.
  path: Assets/_Sprites/_sprites_monsters_medium.png
  artifactKey: Guid(40b58b319ded876409ce4b3cd7ddb9d3) Importer(815301076,1909f56bfc062723c751e8b465ee728b)
Start importing Assets/_Sprites/_sprites_monsters_medium.png using Guid(40b58b319ded876409ce4b3cd7ddb9d3) Importer(815301076,1909f56bfc062723c751e8b465ee728b)  -> (artifact id: '6c1edcbe2375835423d485ccc27d6fc5') in 0.060574 seconds
  Import took 0.064893 seconds .

========================================================================
Received Import Request.
  Time since last request: 0.000194 seconds.
  path: Assets/_Sprites/shotgun.png
  artifactKey: Guid(db73e4d92cd2baf469860b731ef85318) Importer(815301076,1909f56bfc062723c751e8b465ee728b)
Start importing Assets/_Sprites/shotgun.png using Guid(db73e4d92cd2baf469860b731ef85318) Importer(815301076,1909f56bfc062723c751e8b465ee728b)  -> (artifact id: 'ab6c2c6b539d1d8a110cbe602c67f91e') in 0.011473 seconds
  Import took 0.015852 seconds .

========================================================================
Received Import Request.
  Time since last request: 0.000188 seconds.
  path: Assets/_Sprites/_sprites_monsters_small.png
  artifactKey: Guid(aae5977d1af33b54d99e49711753c497) Importer(815301076,1909f56bfc062723c751e8b465ee728b)
Start importing Assets/_Sprites/_sprites_monsters_small.png using Guid(aae5977d1af33b54d99e49711753c497) Importer(815301076,1909f56bfc062723c751e8b465ee728b)  -> (artifact id: '9756db413e65b2761874ee7eb80f8ec4') in 0.068484 seconds
  Import took 0.072644 seconds .

========================================================================
Received Import Request.
  Time since last request: 0.000204 seconds.
  path: Assets/_Sprites/Enemy.png
  artifactKey: Guid(55b7bc1187e2e5e47a516839cf395b84) Importer(815301076,1909f56bfc062723c751e8b465ee728b)
Start importing Assets/_Sprites/Enemy.png using Guid(55b7bc1187e2e5e47a516839cf395b84) Importer(815301076,1909f56bfc062723c751e8b465ee728b)  -> (artifact id: '479e5b22551525755e2925fb8818c951') in 0.010609 seconds
  Import took 0.014831 seconds .

========================================================================
Received Import Request.
  Time since last request: 0.000243 seconds.
  path: Assets/_Sprites/_sprites_monsters_big.png
  artifactKey: Guid(de183585fbb72d54eafbd101ebd2fed2) Importer(815301076,1909f56bfc062723c751e8b465ee728b)
Start importing Assets/_Sprites/_sprites_monsters_big.png using Guid(de183585fbb72d54eafbd101ebd2fed2) Importer(815301076,1909f56bfc062723c751e8b465ee728b)  -> (artifact id: '3d15b915e8b72d61a46a515905d3dbd8') in 0.045812 seconds
  Import took 0.050346 seconds .

========================================================================
Received Import Request.
  Time since last request: 0.000187 seconds.
  path: Assets/_Sprites/assault_rifle.png
  artifactKey: Guid(dec948719747f2846ba3f6a0151a9eb2) Importer(815301076,1909f56bfc062723c751e8b465ee728b)
Start importing Assets/_Sprites/assault_rifle.png using Guid(dec948719747f2846ba3f6a0151a9eb2) Importer(815301076,1909f56bfc062723c751e8b465ee728b)  -> (artifact id: '7d47e35e98d29b494abfc9577555395b') in 0.011344 seconds
  Import took 0.015419 seconds .

========================================================================
Received Import Request.
  Time since last request: 0.000202 seconds.
  path: Assets/_Sprites/_sprites_heroes.png
  artifactKey: Guid(cd51eb7beb222fa47828f05ce60c3922) Importer(815301076,1909f56bfc062723c751e8b465ee728b)
Start importing Assets/_Sprites/_sprites_heroes.png using Guid(cd51eb7beb222fa47828f05ce60c3922) Importer(815301076,1909f56bfc062723c751e8b465ee728b)  -> (artifact id: 'e3d855b7995689f6c178a3457b48d99a') in 0.082727 seconds
  Import took 0.087182 seconds .

========================================================================
Received Import Request.
  Time since last request: 0.000206 seconds.
  path: Assets/_Sprites/_sprites_map.png
  artifactKey: Guid(ade256a416c4a0243b66e21711eca79e) Importer(815301076,1909f56bfc062723c751e8b465ee728b)
Start importing Assets/_Sprites/_sprites_map.png using Guid(ade256a416c4a0243b66e21711eca79e) Importer(815301076,1909f56bfc062723c751e8b465ee728b)  -> (artifact id: '6c39039f4be8384def863c1b13a107ad') in 0.102458 seconds
  Import took 0.106834 seconds .

========================================================================
Received Import Request.
  Time since last request: 0.000187 seconds.
  path: Assets/_Sprites/_sprites_melee_weapons.png
  artifactKey: Guid(a5286c9bfe3ed56429374ae45cc8cb41) Importer(815301076,1909f56bfc062723c751e8b465ee728b)
Start importing Assets/_Sprites/_sprites_melee_weapons.png using Guid(a5286c9bfe3ed56429374ae45cc8cb41) Importer(815301076,1909f56bfc062723c751e8b465ee728b)  -> (artifact id: '630567d6dff5c933363270408377a3b4') in 0.049835 seconds
  Import took 0.054243 seconds .

========================================================================
Received Import Request.
  Time since last request: 0.000208 seconds.
  path: Assets/_Sprites/crosshair_red_small.png
  artifactKey: Guid(0aeba19a754be0044ba8d89019082504) Importer(815301076,1909f56bfc062723c751e8b465ee728b)
Start importing Assets/_Sprites/crosshair_red_small.png using Guid(0aeba19a754be0044ba8d89019082504) Importer(815301076,1909f56bfc062723c751e8b465ee728b)  -> (artifact id: 'd5ed7fcb44b11c9350a0ae33f05d03a4') in 0.009204 seconds
  Import took 0.014035 seconds .

========================================================================
Received Import Request.
  Time since last request: 14.734905 seconds.
  path: Assets/Prefabs/Agent Prefabs/Enemy Zombie.prefab
  artifactKey: Guid(51f4f0cd05877e4409e43268dadc54e3) Importer(815301076,1909f56bfc062723c751e8b465ee728b)
Start importing Assets/Prefabs/Agent Prefabs/Enemy Zombie.prefab using Guid(51f4f0cd05877e4409e43268dadc54e3) Importer(815301076,1909f56bfc062723c751e8b465ee728b)  -> (artifact id: '0e7efce7e9cd695ba5f8931c6868d74f') in 0.131724 seconds
  Import took 0.136754 seconds .

========================================================================
Received Prepare
Shader 'Universal Render Pipeline/Particles/Lit': fallback shader 'Universal Render Pipeline/Particles/SimpleLit' not found
Refreshing native plugins compatible for Editor in 1.23 ms, found 0 plugins.
Preloading 0 native plugins for Editor in 0.00 ms.
Unloading 12 Unused Serialized files (Serialized files now loaded: 0)
System memory in use before: 73.5 MB.
System memory in use after: 73.5 MB.

Unloading 12 unused Assets to reduce memory usage. Loaded Objects now: 3538.
Total: 4.415400 ms (FindLiveObjects: 0.760400 ms CreateObjectMapping: 0.188500 ms MarkObjects: 3.273700 ms  DeleteObjects: 0.190000 ms)

========================================================================
Received Prepare
Registering precompiled user dll's ...
Registered in 0.001532 seconds.
Begin MonoManager ReloadAssembly
Native extension for WindowsStandalone target not found
Native extension for WebGL target not found
Refreshing native plugins compatible for Editor in 0.55 ms, found 0 plugins.
Preloading 0 native plugins for Editor in 0.00 ms.
Mono: successfully reloaded assembly
- Completed reload, in  0.843 seconds
Platform modules already initialized, skipping
Shader 'Universal Render Pipeline/Particles/Lit': fallback shader 'Universal Render Pipeline/Particles/SimpleLit' not found
Refreshing native plugins compatible for Editor in 0.62 ms, found 0 plugins.
Preloading 0 native plugins for Editor in 0.00 ms.
Unloading 2609 Unused Serialized files (Serialized files now loaded: 0)
System memory in use before: 123.1 MB.
System memory in use after: 123.1 MB.

Unloading 15 unused Assets to reduce memory usage. Loaded Objects now: 3520.
Total: 3.141900 ms (FindLiveObjects: 0.541400 ms CreateObjectMapping: 0.102400 ms MarkObjects: 2.310900 ms  DeleteObjects: 0.185700 ms)

